2012.01.20 17:43 B C:\Users\gmedia\Desktop\rainmaker\Rainmaker Clients\scarinci\website\site\wp-content\uploads\trackableshare\audioboo.png <-- myrainmaker.org /public_html/t1/wp-content/uploads/trackableshare audioboo.png
2012.01.20 17:43 B C:\Users\gmedia\Desktop\rainmaker\Rainmaker Clients\scarinci\website\site\wp-content\uploads\trackableshare\bebo.png <-- myrainmaker.org /public_html/t1/wp-content/uploads/trackableshare bebo.png
2012.01.20 17:43 B C:\Users\gmedia\Desktop\rainmaker\Rainmaker Clients\scarinci\website\site\wp-content\uploads\trackableshare\behance.png <-- myrainmaker.org /public_html/t1/wp-content/uploads/trackableshare behance.png
2012.01.20 17:43 B C:\Users\gmedia\Desktop\rainmaker\Rainmaker Clients\scarinci\website\site\wp-content\uploads\trackableshare\blogger.png <-- myrainmaker.org /public_html/t1/wp-content/uploads/trackableshare blogger.png
2012.01.20 17:43 B C:\Users\gmedia\Desktop\rainmaker\Rainmaker Clients\scarinci\website\site\wp-content\uploads\trackableshare\bookmark.png <-- myrainmaker.org /public_html/t1/wp-content/uploads/trackableshare bookmark.png
2012.01.20 17:43 B C:\Users\gmedia\Desktop\rainmaker\Rainmaker Clients\scarinci\website\site\wp-content\uploads\trackableshare\buzz.png <-- myrainmaker.org /public_html/t1/wp-content/uploads/trackableshare buzz.png
2012.01.20 17:43 B C:\Users\gmedia\Desktop\rainmaker\Rainmaker Clients\scarinci\website\site\wp-content\uploads\trackableshare\creativecommons.png <-- myrainmaker.org /public_html/t1/wp-content/uploads/trackableshare creativecommons.png
2012.01.20 17:43 B C:\Users\gmedia\Desktop\rainmaker\Rainmaker Clients\scarinci\website\site\wp-content\uploads\trackableshare\dailybooth.png <-- myrainmaker.org /public_html/t1/wp-content/uploads/trackableshare dailybooth.png
2012.01.20 17:43 B C:\Users\gmedia\Desktop\rainmaker\Rainmaker Clients\scarinci\website\site\wp-content\uploads\trackableshare\delicious.png <-- myrainmaker.org /public_html/t1/wp-content/uploads/trackableshare delicious.png
2012.01.20 17:43 B C:\Users\gmedia\Desktop\rainmaker\Rainmaker Clients\scarinci\website\site\wp-content\uploads\trackableshare\designfloat.png <-- myrainmaker.org /public_html/t1/wp-content/uploads/trackableshare designfloat.png
2012.01.20 17:43 B C:\Users\gmedia\Desktop\rainmaker\Rainmaker Clients\scarinci\website\site\wp-content\uploads\trackableshare\deviantart.png <-- myrainmaker.org /public_html/t1/wp-content/uploads/trackableshare deviantart.png
2012.01.20 17:43 B C:\Users\gmedia\Desktop\rainmaker\Rainmaker Clients\scarinci\website\site\wp-content\uploads\trackableshare\digg.png <-- myrainmaker.org /public_html/t1/wp-content/uploads/trackableshare digg.png
2012.01.20 17:43 B C:\Users\gmedia\Desktop\rainmaker\Rainmaker Clients\scarinci\website\site\wp-content\uploads\trackableshare\dopplr.png <-- myrainmaker.org /public_html/t1/wp-content/uploads/trackableshare dopplr.png
2012.01.20 17:43 B C:\Users\gmedia\Desktop\rainmaker\Rainmaker Clients\scarinci\website\site\wp-content\uploads\trackableshare\dribbble.png <-- myrainmaker.org /public_html/t1/wp-content/uploads/trackableshare dribbble.png
2012.01.20 17:43 B C:\Users\gmedia\Desktop\rainmaker\Rainmaker Clients\scarinci\website\site\wp-content\uploads\trackableshare\email.png <-- myrainmaker.org /public_html/t1/wp-content/uploads/trackableshare email.png
2012.01.20 17:43 B C:\Users\gmedia\Desktop\rainmaker\Rainmaker Clients\scarinci\website\site\wp-content\uploads\trackableshare\ember.png <-- myrainmaker.org /public_html/t1/wp-content/uploads/trackableshare ember.png
2012.01.20 17:43 B C:\Users\gmedia\Desktop\rainmaker\Rainmaker Clients\scarinci\website\site\wp-content\uploads\trackableshare\facebook.png <-- myrainmaker.org /public_html/t1/wp-content/uploads/trackableshare facebook.png
2012.01.20 17:43 B C:\Users\gmedia\Desktop\rainmaker\Rainmaker Clients\scarinci\website\site\wp-content\uploads\trackableshare\feedburner.png <-- myrainmaker.org /public_html/t1/wp-content/uploads/trackableshare feedburner.png
2012.01.20 17:43 B C:\Users\gmedia\Desktop\rainmaker\Rainmaker Clients\scarinci\website\site\wp-content\uploads\trackableshare\flickr.png <-- myrainmaker.org /public_html/t1/wp-content/uploads/trackableshare flickr.png
2012.01.20 17:43 B C:\Users\gmedia\Desktop\rainmaker\Rainmaker Clients\scarinci\website\site\wp-content\uploads\trackableshare\forrst.png <-- myrainmaker.org /public_html/t1/wp-content/uploads/trackableshare forrst.png
2012.01.20 17:43 B C:\Users\gmedia\Desktop\rainmaker\Rainmaker Clients\scarinci\website\site\wp-content\uploads\trackableshare\friendfeed.png <-- myrainmaker.org /public_html/t1/wp-content/uploads/trackableshare friendfeed.png
2012.01.20 17:43 B C:\Users\gmedia\Desktop\rainmaker\Rainmaker Clients\scarinci\website\site\wp-content\uploads\trackableshare\furl.png <-- myrainmaker.org /public_html/t1/wp-content/uploads/trackableshare furl.png
2012.01.20 17:43 B C:\Users\gmedia\Desktop\rainmaker\Rainmaker Clients\scarinci\website\site\wp-content\uploads\trackableshare\google.png <-- myrainmaker.org /public_html/t1/wp-content/uploads/trackableshare google.png
2012.01.20 17:43 B C:\Users\gmedia\Desktop\rainmaker\Rainmaker Clients\scarinci\website\site\wp-content\uploads\trackableshare\gowalla.png <-- myrainmaker.org /public_html/t1/wp-content/uploads/trackableshare gowalla.png
2012.01.20 17:43 B C:\Users\gmedia\Desktop\rainmaker\Rainmaker Clients\scarinci\website\site\wp-content\uploads\trackableshare\grooveshark.png <-- myrainmaker.org /public_html/t1/wp-content/uploads/trackableshare grooveshark.png
2012.01.20 17:43 B C:\Users\gmedia\Desktop\rainmaker\Rainmaker Clients\scarinci\website\site\wp-content\uploads\trackableshare\hyves.png <-- myrainmaker.org /public_html/t1/wp-content/uploads/trackableshare hyves.png
2012.01.20 17:43 B C:\Users\gmedia\Desktop\rainmaker\Rainmaker Clients\scarinci\website\site\wp-content\uploads\trackableshare\lastfm.png <-- myrainmaker.org /public_html/t1/wp-content/uploads/trackableshare lastfm.png
2012.01.20 17:43 B C:\Users\gmedia\Desktop\rainmaker\Rainmaker Clients\scarinci\website\site\wp-content\uploads\trackableshare\linkedin.png <-- myrainmaker.org /public_html/t1/wp-content/uploads/trackableshare linkedin.png
2012.01.20 17:43 B C:\Users\gmedia\Desktop\rainmaker\Rainmaker Clients\scarinci\website\site\wp-content\uploads\trackableshare\livejournal.png <-- myrainmaker.org /public_html/t1/wp-content/uploads/trackableshare livejournal.png
2012.01.20 17:43 B C:\Users\gmedia\Desktop\rainmaker\Rainmaker Clients\scarinci\website\site\wp-content\uploads\trackableshare\lockerz.png <-- myrainmaker.org /public_html/t1/wp-content/uploads/trackableshare lockerz.png
2012.01.20 17:43 B C:\Users\gmedia\Desktop\rainmaker\Rainmaker Clients\scarinci\website\site\wp-content\uploads\trackableshare\megavideo.png <-- myrainmaker.org /public_html/t1/wp-content/uploads/trackableshare megavideo.png
2012.01.20 17:43 B C:\Users\gmedia\Desktop\rainmaker\Rainmaker Clients\scarinci\website\site\wp-content\uploads\trackableshare\myspace.png <-- myrainmaker.org /public_html/t1/wp-content/uploads/trackableshare myspace.png
2012.01.20 17:43 B C:\Users\gmedia\Desktop\rainmaker\Rainmaker Clients\scarinci\website\site\wp-content\uploads\trackableshare\netvibes.png <-- myrainmaker.org /public_html/t1/wp-content/uploads/trackableshare netvibes.png
2012.01.20 17:43 B C:\Users\gmedia\Desktop\rainmaker\Rainmaker Clients\scarinci\website\site\wp-content\uploads\trackableshare\newsvine.png <-- myrainmaker.org /public_html/t1/wp-content/uploads/trackableshare newsvine.png
2012.01.20 17:43 B C:\Users\gmedia\Desktop\rainmaker\Rainmaker Clients\scarinci\website\site\wp-content\uploads\trackableshare\piano.png <-- myrainmaker.org /public_html/t1/wp-content/uploads/trackableshare piano.png
2012.01.20 17:43 B C:\Users\gmedia\Desktop\rainmaker\Rainmaker Clients\scarinci\website\site\wp-content\uploads\trackableshare\playfire.png <-- myrainmaker.org /public_html/t1/wp-content/uploads/trackableshare playfire.png
2012.01.20 17:43 B C:\Users\gmedia\Desktop\rainmaker\Rainmaker Clients\scarinci\website\site\wp-content\uploads\trackableshare\playstation.png <-- myrainmaker.org /public_html/t1/wp-content/uploads/trackableshare playstation.png
2012.01.20 17:43 B C:\Users\gmedia\Desktop\rainmaker\Rainmaker Clients\scarinci\website\site\wp-content\uploads\trackableshare\plusone.png <-- myrainmaker.org /public_html/t1/wp-content/uploads/trackableshare plusone.png
2012.01.20 17:43 B C:\Users\gmedia\Desktop\rainmaker\Rainmaker Clients\scarinci\website\site\wp-content\uploads\trackableshare\plusone2.png <-- myrainmaker.org /public_html/t1/wp-content/uploads/trackableshare plusone2.png
2012.01.20 17:43 B C:\Users\gmedia\Desktop\rainmaker\Rainmaker Clients\scarinci\website\site\wp-content\uploads\trackableshare\posterous.png <-- myrainmaker.org /public_html/t1/wp-content/uploads/trackableshare posterous.png
2012.01.20 17:43 B C:\Users\gmedia\Desktop\rainmaker\Rainmaker Clients\scarinci\website\site\wp-content\uploads\trackableshare\reddit.png <-- myrainmaker.org /public_html/t1/wp-content/uploads/trackableshare reddit.png
2012.01.20 17:43 B C:\Users\gmedia\Desktop\rainmaker\Rainmaker Clients\scarinci\website\site\wp-content\uploads\trackableshare\rss.png <-- myrainmaker.org /public_html/t1/wp-content/uploads/trackableshare rss.png
2012.01.20 17:43 B C:\Users\gmedia\Desktop\rainmaker\Rainmaker Clients\scarinci\website\site\wp-content\uploads\trackableshare\skype.png <-- myrainmaker.org /public_html/t1/wp-content/uploads/trackableshare skype.png
2012.01.20 17:43 B C:\Users\gmedia\Desktop\rainmaker\Rainmaker Clients\scarinci\website\site\wp-content\uploads\trackableshare\snailmail.png <-- myrainmaker.org /public_html/t1/wp-content/uploads/trackableshare snailmail.png
2012.01.20 17:43 B C:\Users\gmedia\Desktop\rainmaker\Rainmaker Clients\scarinci\website\site\wp-content\uploads\trackableshare\socialvibe.png <-- myrainmaker.org /public_html/t1/wp-content/uploads/trackableshare socialvibe.png
2012.01.20 17:43 B C:\Users\gmedia\Desktop\rainmaker\Rainmaker Clients\scarinci\website\site\wp-content\uploads\trackableshare\soundcloud.png <-- myrainmaker.org /public_html/t1/wp-content/uploads/trackableshare soundcloud.png
2012.01.20 17:43 B C:\Users\gmedia\Desktop\rainmaker\Rainmaker Clients\scarinci\website\site\wp-content\uploads\trackableshare\spotify.png <-- myrainmaker.org /public_html/t1/wp-content/uploads/trackableshare spotify.png
2012.01.20 17:43 B C:\Users\gmedia\Desktop\rainmaker\Rainmaker Clients\scarinci\website\site\wp-content\uploads\trackableshare\steam.png <-- myrainmaker.org /public_html/t1/wp-content/uploads/trackableshare steam.png
2012.01.20 17:43 B C:\Users\gmedia\Desktop\rainmaker\Rainmaker Clients\scarinci\website\site\wp-content\uploads\trackableshare\stumbleupon.png <-- myrainmaker.org /public_html/t1/wp-content/uploads/trackableshare stumbleupon.png
2012.01.20 17:43 B C:\Users\gmedia\Desktop\rainmaker\Rainmaker Clients\scarinci\website\site\wp-content\uploads\trackableshare\technorati.png <-- myrainmaker.org /public_html/t1/wp-content/uploads/trackableshare technorati.png
2012.01.20 17:43 B C:\Users\gmedia\Desktop\rainmaker\Rainmaker Clients\scarinci\website\site\wp-content\uploads\trackableshare\tumblr.png <-- myrainmaker.org /public_html/t1/wp-content/uploads/trackableshare tumblr.png
2012.01.20 17:43 B C:\Users\gmedia\Desktop\rainmaker\Rainmaker Clients\scarinci\website\site\wp-content\uploads\trackableshare\twitpic.png <-- myrainmaker.org /public_html/t1/wp-content/uploads/trackableshare twitpic.png
2012.01.20 17:43 B C:\Users\gmedia\Desktop\rainmaker\Rainmaker Clients\scarinci\website\site\wp-content\uploads\trackableshare\twitter.png <-- myrainmaker.org /public_html/t1/wp-content/uploads/trackableshare twitter.png
2012.01.20 17:43 B C:\Users\gmedia\Desktop\rainmaker\Rainmaker Clients\scarinci\website\site\wp-content\uploads\trackableshare\typepad.png <-- myrainmaker.org /public_html/t1/wp-content/uploads/trackableshare typepad.png
2012.01.20 17:43 B C:\Users\gmedia\Desktop\rainmaker\Rainmaker Clients\scarinci\website\site\wp-content\uploads\trackableshare\vimeo.png <-- myrainmaker.org /public_html/t1/wp-content/uploads/trackableshare vimeo.png
2012.01.20 17:43 B C:\Users\gmedia\Desktop\rainmaker\Rainmaker Clients\scarinci\website\site\wp-content\uploads\trackableshare\wakoopa.png <-- myrainmaker.org /public_html/t1/wp-content/uploads/trackableshare wakoopa.png
2012.01.20 17:43 B C:\Users\gmedia\Desktop\rainmaker\Rainmaker Clients\scarinci\website\site\wp-content\uploads\trackableshare\wordpress.png <-- myrainmaker.org /public_html/t1/wp-content/uploads/trackableshare wordpress.png
2012.01.20 17:43 B C:\Users\gmedia\Desktop\rainmaker\Rainmaker Clients\scarinci\website\site\wp-content\uploads\trackableshare\xing.png <-- myrainmaker.org /public_html/t1/wp-content/uploads/trackableshare xing.png
2012.01.20 17:43 B C:\Users\gmedia\Desktop\rainmaker\Rainmaker Clients\scarinci\website\site\wp-content\uploads\trackableshare\yahoo.png <-- myrainmaker.org /public_html/t1/wp-content/uploads/trackableshare yahoo.png
2012.01.20 17:43 B C:\Users\gmedia\Desktop\rainmaker\Rainmaker Clients\scarinci\website\site\wp-content\uploads\trackableshare\youtube.png <-- myrainmaker.org /public_html/t1/wp-content/uploads/trackableshare youtube.png
2012.01.23 17:29 B C:\Users\gmedia\Desktop\scarinci\wp-content\uploads\trackableshare\WS_FTP.LOG <-- scarweb /wp-content/uploads/trackableshare WS_FTP.LOG
2012.01.23 17:29 B C:\Users\gmedia\Desktop\scarinci\wp-content\uploads\trackableshare\xing.png <-- scarweb /wp-content/uploads/trackableshare xing.png
2012.01.23 17:29 B C:\Users\gmedia\Desktop\scarinci\wp-content\uploads\trackableshare\yahoo.png <-- scarweb /wp-content/uploads/trackableshare yahoo.png
2012.01.23 17:29 B C:\Users\gmedia\Desktop\scarinci\wp-content\uploads\trackableshare\youtube.png <-- scarweb /wp-content/uploads/trackableshare youtube.png
2012.01.23 21:44 B C:\Users\gmedia\Desktop\scarinci\wp-content\uploads\trackableshare\audioboo.png --> ftp3.ftptoyoursite.com /www.scarincihollenbeck.com/web/content/wp-content/uploads/trackableshare audioboo.png
2012.01.23 21:44 B C:\Users\gmedia\Desktop\scarinci\wp-content\uploads\trackableshare\bebo.png --> ftp3.ftptoyoursite.com /www.scarincihollenbeck.com/web/content/wp-content/uploads/trackableshare bebo.png
2012.01.23 21:44 B C:\Users\gmedia\Desktop\scarinci\wp-content\uploads\trackableshare\behance.png --> ftp3.ftptoyoursite.com /www.scarincihollenbeck.com/web/content/wp-content/uploads/trackableshare behance.png
2012.01.23 21:44 B C:\Users\gmedia\Desktop\scarinci\wp-content\uploads\trackableshare\blogger.png --> ftp3.ftptoyoursite.com /www.scarincihollenbeck.com/web/content/wp-content/uploads/trackableshare blogger.png
2012.01.23 21:44 B C:\Users\gmedia\Desktop\scarinci\wp-content\uploads\trackableshare\bookmark.png --> ftp3.ftptoyoursite.com /www.scarincihollenbeck.com/web/content/wp-content/uploads/trackableshare bookmark.png
2012.01.23 21:44 B C:\Users\gmedia\Desktop\scarinci\wp-content\uploads\trackableshare\buzz.png --> ftp3.ftptoyoursite.com /www.scarincihollenbeck.com/web/content/wp-content/uploads/trackableshare buzz.png
2012.01.23 21:44 B C:\Users\gmedia\Desktop\scarinci\wp-content\uploads\trackableshare\creativecommons.png --> ftp3.ftptoyoursite.com /www.scarincihollenbeck.com/web/content/wp-content/uploads/trackableshare creativecommons.png
2012.01.23 21:44 B C:\Users\gmedia\Desktop\scarinci\wp-content\uploads\trackableshare\dailybooth.png --> ftp3.ftptoyoursite.com /www.scarincihollenbeck.com/web/content/wp-content/uploads/trackableshare dailybooth.png
2012.01.23 21:44 B C:\Users\gmedia\Desktop\scarinci\wp-content\uploads\trackableshare\delicious.png --> ftp3.ftptoyoursite.com /www.scarincihollenbeck.com/web/content/wp-content/uploads/trackableshare delicious.png
2012.01.23 21:44 B C:\Users\gmedia\Desktop\scarinci\wp-content\uploads\trackableshare\designfloat.png --> ftp3.ftptoyoursite.com /www.scarincihollenbeck.com/web/content/wp-content/uploads/trackableshare designfloat.png
2012.01.23 21:44 B C:\Users\gmedia\Desktop\scarinci\wp-content\uploads\trackableshare\deviantart.png --> ftp3.ftptoyoursite.com /www.scarincihollenbeck.com/web/content/wp-content/uploads/trackableshare deviantart.png
2012.01.23 21:44 B C:\Users\gmedia\Desktop\scarinci\wp-content\uploads\trackableshare\digg.png --> ftp3.ftptoyoursite.com /www.scarincihollenbeck.com/web/content/wp-content/uploads/trackableshare digg.png
2012.01.23 21:44 B C:\Users\gmedia\Desktop\scarinci\wp-content\uploads\trackableshare\dopplr.png --> ftp3.ftptoyoursite.com /www.scarincihollenbeck.com/web/content/wp-content/uploads/trackableshare dopplr.png
2012.01.23 21:44 B C:\Users\gmedia\Desktop\scarinci\wp-content\uploads\trackableshare\dribbble.png --> ftp3.ftptoyoursite.com /www.scarincihollenbeck.com/web/content/wp-content/uploads/trackableshare dribbble.png
2012.01.23 21:44 B C:\Users\gmedia\Desktop\scarinci\wp-content\uploads\trackableshare\email.png --> ftp3.ftptoyoursite.com /www.scarincihollenbeck.com/web/content/wp-content/uploads/trackableshare email.png
2012.01.23 21:44 B C:\Users\gmedia\Desktop\scarinci\wp-content\uploads\trackableshare\ember.png --> ftp3.ftptoyoursite.com /www.scarincihollenbeck.com/web/content/wp-content/uploads/trackableshare ember.png
2012.01.23 21:44 B C:\Users\gmedia\Desktop\scarinci\wp-content\uploads\trackableshare\facebook.png --> ftp3.ftptoyoursite.com /www.scarincihollenbeck.com/web/content/wp-content/uploads/trackableshare facebook.png
2012.01.23 21:44 B C:\Users\gmedia\Desktop\scarinci\wp-content\uploads\trackableshare\feedburner.png --> ftp3.ftptoyoursite.com /www.scarincihollenbeck.com/web/content/wp-content/uploads/trackableshare feedburner.png
2012.01.23 21:44 B C:\Users\gmedia\Desktop\scarinci\wp-content\uploads\trackableshare\flickr.png --> ftp3.ftptoyoursite.com /www.scarincihollenbeck.com/web/content/wp-content/uploads/trackableshare flickr.png
2012.01.23 21:44 B C:\Users\gmedia\Desktop\scarinci\wp-content\uploads\trackableshare\forrst.png --> ftp3.ftptoyoursite.com /www.scarincihollenbeck.com/web/content/wp-content/uploads/trackableshare forrst.png
2012.01.23 21:44 B C:\Users\gmedia\Desktop\scarinci\wp-content\uploads\trackableshare\friendfeed.png --> ftp3.ftptoyoursite.com /www.scarincihollenbeck.com/web/content/wp-content/uploads/trackableshare friendfeed.png
2012.01.23 21:44 B C:\Users\gmedia\Desktop\scarinci\wp-content\uploads\trackableshare\furl.png --> ftp3.ftptoyoursite.com /www.scarincihollenbeck.com/web/content/wp-content/uploads/trackableshare furl.png
2012.01.23 21:44 B C:\Users\gmedia\Desktop\scarinci\wp-content\uploads\trackableshare\google.png --> ftp3.ftptoyoursite.com /www.scarincihollenbeck.com/web/content/wp-content/uploads/trackableshare google.png
2012.01.23 21:44 B C:\Users\gmedia\Desktop\scarinci\wp-content\uploads\trackableshare\gowalla.png --> ftp3.ftptoyoursite.com /www.scarincihollenbeck.com/web/content/wp-content/uploads/trackableshare gowalla.png
2012.01.23 21:44 B C:\Users\gmedia\Desktop\scarinci\wp-content\uploads\trackableshare\grooveshark.png --> ftp3.ftptoyoursite.com /www.scarincihollenbeck.com/web/content/wp-content/uploads/trackableshare grooveshark.png
2012.01.23 21:44 B C:\Users\gmedia\Desktop\scarinci\wp-content\uploads\trackableshare\hyves.png --> ftp3.ftptoyoursite.com /www.scarincihollenbeck.com/web/content/wp-content/uploads/trackableshare hyves.png
2012.01.23 21:44 B C:\Users\gmedia\Desktop\scarinci\wp-content\uploads\trackableshare\lastfm.png --> ftp3.ftptoyoursite.com /www.scarincihollenbeck.com/web/content/wp-content/uploads/trackableshare lastfm.png
2012.01.23 21:44 B C:\Users\gmedia\Desktop\scarinci\wp-content\uploads\trackableshare\linkedin.png --> ftp3.ftptoyoursite.com /www.scarincihollenbeck.com/web/content/wp-content/uploads/trackableshare linkedin.png
2012.01.23 21:44 B C:\Users\gmedia\Desktop\scarinci\wp-content\uploads\trackableshare\livejournal.png --> ftp3.ftptoyoursite.com /www.scarincihollenbeck.com/web/content/wp-content/uploads/trackableshare livejournal.png
2012.01.23 21:44 B C:\Users\gmedia\Desktop\scarinci\wp-content\uploads\trackableshare\lockerz.png --> ftp3.ftptoyoursite.com /www.scarincihollenbeck.com/web/content/wp-content/uploads/trackableshare lockerz.png
2012.01.23 21:44 B C:\Users\gmedia\Desktop\scarinci\wp-content\uploads\trackableshare\megavideo.png --> ftp3.ftptoyoursite.com /www.scarincihollenbeck.com/web/content/wp-content/uploads/trackableshare megavideo.png
2012.01.23 21:44 B C:\Users\gmedia\Desktop\scarinci\wp-content\uploads\trackableshare\myspace.png --> ftp3.ftptoyoursite.com /www.scarincihollenbeck.com/web/content/wp-content/uploads/trackableshare myspace.png
2012.01.23 21:44 B C:\Users\gmedia\Desktop\scarinci\wp-content\uploads\trackableshare\netvibes.png --> ftp3.ftptoyoursite.com /www.scarincihollenbeck.com/web/content/wp-content/uploads/trackableshare netvibes.png
2012.01.23 21:44 B C:\Users\gmedia\Desktop\scarinci\wp-content\uploads\trackableshare\newsvine.png --> ftp3.ftptoyoursite.com /www.scarincihollenbeck.com/web/content/wp-content/uploads/trackableshare newsvine.png
2012.01.23 21:44 B C:\Users\gmedia\Desktop\scarinci\wp-content\uploads\trackableshare\piano.png --> ftp3.ftptoyoursite.com /www.scarincihollenbeck.com/web/content/wp-content/uploads/trackableshare piano.png
2012.01.23 21:44 B C:\Users\gmedia\Desktop\scarinci\wp-content\uploads\trackableshare\playfire.png --> ftp3.ftptoyoursite.com /www.scarincihollenbeck.com/web/content/wp-content/uploads/trackableshare playfire.png
2012.01.23 21:44 B C:\Users\gmedia\Desktop\scarinci\wp-content\uploads\trackableshare\playstation.png --> ftp3.ftptoyoursite.com /www.scarincihollenbeck.com/web/content/wp-content/uploads/trackableshare playstation.png
2012.01.23 21:44 B C:\Users\gmedia\Desktop\scarinci\wp-content\uploads\trackableshare\plusone.png --> ftp3.ftptoyoursite.com /www.scarincihollenbeck.com/web/content/wp-content/uploads/trackableshare plusone.png
2012.01.23 21:44 B C:\Users\gmedia\Desktop\scarinci\wp-content\uploads\trackableshare\plusone2.png --> ftp3.ftptoyoursite.com /www.scarincihollenbeck.com/web/content/wp-content/uploads/trackableshare plusone2.png
2012.01.23 21:44 B C:\Users\gmedia\Desktop\scarinci\wp-content\uploads\trackableshare\posterous.png --> ftp3.ftptoyoursite.com /www.scarincihollenbeck.com/web/content/wp-content/uploads/trackableshare posterous.png
2012.01.23 21:44 B C:\Users\gmedia\Desktop\scarinci\wp-content\uploads\trackableshare\reddit.png --> ftp3.ftptoyoursite.com /www.scarincihollenbeck.com/web/content/wp-content/uploads/trackableshare reddit.png
2012.01.23 21:44 B C:\Users\gmedia\Desktop\scarinci\wp-content\uploads\trackableshare\rss.png --> ftp3.ftptoyoursite.com /www.scarincihollenbeck.com/web/content/wp-content/uploads/trackableshare rss.png
2012.01.23 21:44 B C:\Users\gmedia\Desktop\scarinci\wp-content\uploads\trackableshare\skype.png --> ftp3.ftptoyoursite.com /www.scarincihollenbeck.com/web/content/wp-content/uploads/trackableshare skype.png
2012.01.23 21:44 B C:\Users\gmedia\Desktop\scarinci\wp-content\uploads\trackableshare\snailmail.png --> ftp3.ftptoyoursite.com /www.scarincihollenbeck.com/web/content/wp-content/uploads/trackableshare snailmail.png
2012.01.23 21:44 B C:\Users\gmedia\Desktop\scarinci\wp-content\uploads\trackableshare\socialvibe.png --> ftp3.ftptoyoursite.com /www.scarincihollenbeck.com/web/content/wp-content/uploads/trackableshare socialvibe.png
2012.01.23 21:44 B C:\Users\gmedia\Desktop\scarinci\wp-content\uploads\trackableshare\soundcloud.png --> ftp3.ftptoyoursite.com /www.scarincihollenbeck.com/web/content/wp-content/uploads/trackableshare soundcloud.png
2012.01.23 21:44 B C:\Users\gmedia\Desktop\scarinci\wp-content\uploads\trackableshare\spotify.png --> ftp3.ftptoyoursite.com /www.scarincihollenbeck.com/web/content/wp-content/uploads/trackableshare spotify.png
2012.01.23 21:44 B C:\Users\gmedia\Desktop\scarinci\wp-content\uploads\trackableshare\steam.png --> ftp3.ftptoyoursite.com /www.scarincihollenbeck.com/web/content/wp-content/uploads/trackableshare steam.png
2012.01.23 21:44 B C:\Users\gmedia\Desktop\scarinci\wp-content\uploads\trackableshare\stumbleupon.png --> ftp3.ftptoyoursite.com /www.scarincihollenbeck.com/web/content/wp-content/uploads/trackableshare stumbleupon.png
2012.01.23 21:44 B C:\Users\gmedia\Desktop\scarinci\wp-content\uploads\trackableshare\technorati.png --> ftp3.ftptoyoursite.com /www.scarincihollenbeck.com/web/content/wp-content/uploads/trackableshare technorati.png
2012.01.23 21:44 B C:\Users\gmedia\Desktop\scarinci\wp-content\uploads\trackableshare\tumblr.png --> ftp3.ftptoyoursite.com /www.scarincihollenbeck.com/web/content/wp-content/uploads/trackableshare tumblr.png
2012.01.23 21:44 B C:\Users\gmedia\Desktop\scarinci\wp-content\uploads\trackableshare\twitpic.png --> ftp3.ftptoyoursite.com /www.scarincihollenbeck.com/web/content/wp-content/uploads/trackableshare twitpic.png
2012.01.23 21:44 B C:\Users\gmedia\Desktop\scarinci\wp-content\uploads\trackableshare\twitter.png --> ftp3.ftptoyoursite.com /www.scarincihollenbeck.com/web/content/wp-content/uploads/trackableshare twitter.png
2012.01.23 21:44 B C:\Users\gmedia\Desktop\scarinci\wp-content\uploads\trackableshare\typepad.png --> ftp3.ftptoyoursite.com /www.scarincihollenbeck.com/web/content/wp-content/uploads/trackableshare typepad.png
2012.01.23 21:44 B C:\Users\gmedia\Desktop\scarinci\wp-content\uploads\trackableshare\vimeo.png --> ftp3.ftptoyoursite.com /www.scarincihollenbeck.com/web/content/wp-content/uploads/trackableshare vimeo.png
2012.01.23 21:44 B C:\Users\gmedia\Desktop\scarinci\wp-content\uploads\trackableshare\wakoopa.png --> ftp3.ftptoyoursite.com /www.scarincihollenbeck.com/web/content/wp-content/uploads/trackableshare wakoopa.png
2012.01.23 21:44 B C:\Users\gmedia\Desktop\scarinci\wp-content\uploads\trackableshare\wordpress.png --> ftp3.ftptoyoursite.com /www.scarincihollenbeck.com/web/content/wp-content/uploads/trackableshare wordpress.png
