2012.01.20 17:39 B C:\Users\gmedia\Desktop\rainmaker\Rainmaker Clients\scarinci\website\site\wp-content\uploads\2012\attorneys\Anthony-R-Caruso.jpg <-- myrainmaker.org /public_html/t1/wp-content/uploads/2012/attorneys Anthony-R-Caruso.jpg
2012.01.20 17:40 B C:\Users\gmedia\Desktop\rainmaker\Rainmaker Clients\scarinci\website\site\wp-content\uploads\2012\attorneys\Ayres.jpg <-- myrainmaker.org /public_html/t1/wp-content/uploads/2012/attorneys Ayres.jpg
2012.01.20 17:40 B C:\Users\gmedia\Desktop\rainmaker\Rainmaker Clients\scarinci\website\site\wp-content\uploads\2012\attorneys\Baker.jpg <-- myrainmaker.org /public_html/t1/wp-content/uploads/2012/attorneys Baker.jpg
2012.01.20 17:40 B C:\Users\gmedia\Desktop\rainmaker\Rainmaker Clients\scarinci\website\site\wp-content\uploads\2012\attorneys\Bezer.jpg <-- myrainmaker.org /public_html/t1/wp-content/uploads/2012/attorneys Bezer.jpg
2012.01.20 17:40 B C:\Users\gmedia\Desktop\rainmaker\Rainmaker Clients\scarinci\website\site\wp-content\uploads\2012\attorneys\Brecher.jpg <-- myrainmaker.org /public_html/t1/wp-content/uploads/2012/attorneys Brecher.jpg
2012.01.20 17:40 B C:\Users\gmedia\Desktop\rainmaker\Rainmaker Clients\scarinci\website\site\wp-content\uploads\2012\attorneys\brierley.jpg <-- myrainmaker.org /public_html/t1/wp-content/uploads/2012/attorneys brierley.jpg
2012.01.20 17:40 B C:\Users\gmedia\Desktop\rainmaker\Rainmaker Clients\scarinci\website\site\wp-content\uploads\2012\attorneys\Brunetti.jpg <-- myrainmaker.org /public_html/t1/wp-content/uploads/2012/attorneys Brunetti.jpg
2012.01.20 17:40 B C:\Users\gmedia\Desktop\rainmaker\Rainmaker Clients\scarinci\website\site\wp-content\uploads\2012\attorneys\Cifelli.jpg <-- myrainmaker.org /public_html/t1/wp-content/uploads/2012/attorneys Cifelli.jpg
2012.01.20 17:40 B C:\Users\gmedia\Desktop\rainmaker\Rainmaker Clients\scarinci\website\site\wp-content\uploads\2012\attorneys\cucchiara.jpg <-- myrainmaker.org /public_html/t1/wp-content/uploads/2012/attorneys cucchiara.jpg
2012.01.20 17:40 B C:\Users\gmedia\Desktop\rainmaker\Rainmaker Clients\scarinci\website\site\wp-content\uploads\2012\attorneys\Dennis C Linken.jpg <-- myrainmaker.org /public_html/t1/wp-content/uploads/2012/attorneys Dennis C Linken.jpg
2012.01.20 17:40 B C:\Users\gmedia\Desktop\rainmaker\Rainmaker Clients\scarinci\website\site\wp-content\uploads\2012\attorneys\Dias.jpg <-- myrainmaker.org /public_html/t1/wp-content/uploads/2012/attorneys Dias.jpg
2012.01.20 17:40 B C:\Users\gmedia\Desktop\rainmaker\Rainmaker Clients\scarinci\website\site\wp-content\uploads\2012\attorneys\Donald Scarinci.jpg <-- myrainmaker.org /public_html/t1/wp-content/uploads/2012/attorneys Donald Scarinci.jpg
2012.01.20 17:40 B C:\Users\gmedia\Desktop\rainmaker\Rainmaker Clients\scarinci\website\site\wp-content\uploads\2012\attorneys\Donegan.jpg <-- myrainmaker.org /public_html/t1/wp-content/uploads/2012/attorneys Donegan.jpg
2012.01.20 17:40 B C:\Users\gmedia\Desktop\rainmaker\Rainmaker Clients\scarinci\website\site\wp-content\uploads\2012\attorneys\Follender.jpg <-- myrainmaker.org /public_html/t1/wp-content/uploads/2012/attorneys Follender.jpg
2012.01.20 17:40 B C:\Users\gmedia\Desktop\rainmaker\Rainmaker Clients\scarinci\website\site\wp-content\uploads\2012\attorneys\Fred D Zemel.jpg <-- myrainmaker.org /public_html/t1/wp-content/uploads/2012/attorneys Fred D Zemel.jpg
2012.01.20 17:40 B C:\Users\gmedia\Desktop\rainmaker\Rainmaker Clients\scarinci\website\site\wp-content\uploads\2012\attorneys\friedman.jpg <-- myrainmaker.org /public_html/t1/wp-content/uploads/2012/attorneys friedman.jpg
2012.01.20 17:40 B C:\Users\gmedia\Desktop\rainmaker\Rainmaker Clients\scarinci\website\site\wp-content\uploads\2012\attorneys\Friedrich.jpg <-- myrainmaker.org /public_html/t1/wp-content/uploads/2012/attorneys Friedrich.jpg
2012.01.20 17:40 B C:\Users\gmedia\Desktop\rainmaker\Rainmaker Clients\scarinci\website\site\wp-content\uploads\2012\attorneys\Gary J Cucchiara.jpg <-- myrainmaker.org /public_html/t1/wp-content/uploads/2012/attorneys Gary J Cucchiara.jpg
2012.01.20 17:40 B C:\Users\gmedia\Desktop\rainmaker\Rainmaker Clients\scarinci\website\site\wp-content\uploads\2012\attorneys\Glucksman.jpg <-- myrainmaker.org /public_html/t1/wp-content/uploads/2012/attorneys Glucksman.jpg
2012.01.20 17:40 B C:\Users\gmedia\Desktop\rainmaker\Rainmaker Clients\scarinci\website\site\wp-content\uploads\2012\attorneys\Griffin.jpg <-- myrainmaker.org /public_html/t1/wp-content/uploads/2012/attorneys Griffin.jpg
2012.01.20 17:40 B C:\Users\gmedia\Desktop\rainmaker\Rainmaker Clients\scarinci\website\site\wp-content\uploads\2012\attorneys\Hecht.jpg <-- myrainmaker.org /public_html/t1/wp-content/uploads/2012/attorneys Hecht.jpg
2012.01.20 17:40 B C:\Users\gmedia\Desktop\rainmaker\Rainmaker Clients\scarinci\website\site\wp-content\uploads\2012\attorneys\Hollenbeck.jpg <-- myrainmaker.org /public_html/t1/wp-content/uploads/2012/attorneys Hollenbeck.jpg
2012.01.20 17:40 B C:\Users\gmedia\Desktop\rainmaker\Rainmaker Clients\scarinci\website\site\wp-content\uploads\2012\attorneys\James-F-McDonough.jpg <-- myrainmaker.org /public_html/t1/wp-content/uploads/2012/attorneys James-F-McDonough.jpg
2012.01.20 17:41 B C:\Users\gmedia\Desktop\rainmaker\Rainmaker Clients\scarinci\website\site\wp-content\uploads\2012\attorneys\Jay V Surgent.jpg <-- myrainmaker.org /public_html/t1/wp-content/uploads/2012/attorneys Jay V Surgent.jpg
2012.01.20 17:41 B C:\Users\gmedia\Desktop\rainmaker\Rainmaker Clients\scarinci\website\site\wp-content\uploads\2012\attorneys\Joel R Glucksman.jpg <-- myrainmaker.org /public_html/t1/wp-content/uploads/2012/attorneys Joel R Glucksman.jpg
2012.01.20 17:41 B C:\Users\gmedia\Desktop\rainmaker\Rainmaker Clients\scarinci\website\site\wp-content\uploads\2012\attorneys\Joel-N-Kreizman.jpg <-- myrainmaker.org /public_html/t1/wp-content/uploads/2012/attorneys Joel-N-Kreizman.jpg
2012.01.20 17:41 B C:\Users\gmedia\Desktop\rainmaker\Rainmaker Clients\scarinci\website\site\wp-content\uploads\2012\attorneys\John M Scagnelli.jpg <-- myrainmaker.org /public_html/t1/wp-content/uploads/2012/attorneys John M Scagnelli.jpg
2012.01.20 17:41 B C:\Users\gmedia\Desktop\rainmaker\Rainmaker Clients\scarinci\website\site\wp-content\uploads\2012\attorneys\Joseph W Oxley.jpg <-- myrainmaker.org /public_html/t1/wp-content/uploads/2012/attorneys Joseph W Oxley.jpg
2012.01.20 17:41 B C:\Users\gmedia\Desktop\rainmaker\Rainmaker Clients\scarinci\website\site\wp-content\uploads\2012\attorneys\kaczynski.jpg <-- myrainmaker.org /public_html/t1/wp-content/uploads/2012/attorneys kaczynski.jpg
2012.01.20 17:41 B C:\Users\gmedia\Desktop\rainmaker\Rainmaker Clients\scarinci\website\site\wp-content\uploads\2012\attorneys\Kapusinski.jpg <-- myrainmaker.org /public_html/t1/wp-content/uploads/2012/attorneys Kapusinski.jpg
2012.01.20 17:41 B C:\Users\gmedia\Desktop\rainmaker\Rainmaker Clients\scarinci\website\site\wp-content\uploads\2012\attorneys\Kinon.jpg <-- myrainmaker.org /public_html/t1/wp-content/uploads/2012/attorneys Kinon.jpg
2012.01.20 17:41 B C:\Users\gmedia\Desktop\rainmaker\Rainmaker Clients\scarinci\website\site\wp-content\uploads\2012\attorneys\Levy.jpg <-- myrainmaker.org /public_html/t1/wp-content/uploads/2012/attorneys Levy.jpg
2012.01.20 17:41 B C:\Users\gmedia\Desktop\rainmaker\Rainmaker Clients\scarinci\website\site\wp-content\uploads\2012\attorneys\Linken.jpg <-- myrainmaker.org /public_html/t1/wp-content/uploads/2012/attorneys Linken.jpg
2012.01.20 17:42 B C:\Users\gmedia\Desktop\rainmaker\Rainmaker Clients\scarinci\website\site\wp-content\uploads\2012\attorneys\Mark K Follender.jpg <-- myrainmaker.org /public_html/t1/wp-content/uploads/2012/attorneys Mark K Follender.jpg
2012.01.20 17:42 B C:\Users\gmedia\Desktop\rainmaker\Rainmaker Clients\scarinci\website\site\wp-content\uploads\2012\attorneys\marsico.jpg <-- myrainmaker.org /public_html/t1/wp-content/uploads/2012/attorneys marsico.jpg
2012.01.20 17:42 B C:\Users\gmedia\Desktop\rainmaker\Rainmaker Clients\scarinci\website\site\wp-content\uploads\2012\attorneys\McNamara.jpg <-- myrainmaker.org /public_html/t1/wp-content/uploads/2012/attorneys McNamara.jpg
2012.01.20 17:42 B C:\Users\gmedia\Desktop\rainmaker\Rainmaker Clients\scarinci\website\site\wp-content\uploads\2012\attorneys\michelson.jpg <-- myrainmaker.org /public_html/t1/wp-content/uploads/2012/attorneys michelson.jpg
2012.01.20 17:42 B C:\Users\gmedia\Desktop\rainmaker\Rainmaker Clients\scarinci\website\site\wp-content\uploads\2012\attorneys\Miller.jpg <-- myrainmaker.org /public_html/t1/wp-content/uploads/2012/attorneys Miller.jpg
2012.01.20 17:42 B C:\Users\gmedia\Desktop\rainmaker\Rainmaker Clients\scarinci\website\site\wp-content\uploads\2012\attorneys\no_pic.jpg <-- myrainmaker.org /public_html/t1/wp-content/uploads/2012/attorneys no_pic.jpg
2012.01.20 17:42 B C:\Users\gmedia\Desktop\rainmaker\Rainmaker Clients\scarinci\website\site\wp-content\uploads\2012\attorneys\Oh.jpg <-- myrainmaker.org /public_html/t1/wp-content/uploads/2012/attorneys Oh.jpg
2012.01.20 17:42 B C:\Users\gmedia\Desktop\rainmaker\Rainmaker Clients\scarinci\website\site\wp-content\uploads\2012\attorneys\Oxley.jpg <-- myrainmaker.org /public_html/t1/wp-content/uploads/2012/attorneys Oxley.jpg
2012.01.20 17:42 B C:\Users\gmedia\Desktop\rainmaker\Rainmaker Clients\scarinci\website\site\wp-content\uploads\2012\attorneys\Patrick J McNamara.jpg <-- myrainmaker.org /public_html/t1/wp-content/uploads/2012/attorneys Patrick J McNamara.jpg
2012.01.20 17:42 B C:\Users\gmedia\Desktop\rainmaker\Rainmaker Clients\scarinci\website\site\wp-content\uploads\2012\attorneys\Peter-R-Yarem.jpg <-- myrainmaker.org /public_html/t1/wp-content/uploads/2012/attorneys Peter-R-Yarem.jpg
2012.01.20 17:42 B C:\Users\gmedia\Desktop\rainmaker\Rainmaker Clients\scarinci\website\site\wp-content\uploads\2012\attorneys\placeholder.jpg <-- myrainmaker.org /public_html/t1/wp-content/uploads/2012/attorneys placeholder.jpg
2012.01.20 17:42 B C:\Users\gmedia\Desktop\rainmaker\Rainmaker Clients\scarinci\website\site\wp-content\uploads\2012\attorneys\Ramon E Rivera.jpg <-- myrainmaker.org /public_html/t1/wp-content/uploads/2012/attorneys Ramon E Rivera.jpg
2012.01.20 17:42 B C:\Users\gmedia\Desktop\rainmaker\Rainmaker Clients\scarinci\website\site\wp-content\uploads\2012\attorneys\Rivera.jpg <-- myrainmaker.org /public_html/t1/wp-content/uploads/2012/attorneys Rivera.jpg
2012.01.20 17:42 B C:\Users\gmedia\Desktop\rainmaker\Rainmaker Clients\scarinci\website\site\wp-content\uploads\2012\attorneys\Robert A Marsico.jpg <-- myrainmaker.org /public_html/t1/wp-content/uploads/2012/attorneys Robert A Marsico.jpg
2012.01.20 17:42 B C:\Users\gmedia\Desktop\rainmaker\Rainmaker Clients\scarinci\website\site\wp-content\uploads\2012\attorneys\Robert E Levy.jpg <-- myrainmaker.org /public_html/t1/wp-content/uploads/2012/attorneys Robert E Levy.jpg
2012.01.20 17:42 B C:\Users\gmedia\Desktop\rainmaker\Rainmaker Clients\scarinci\website\site\wp-content\uploads\2012\attorneys\Safrin.jpg <-- myrainmaker.org /public_html/t1/wp-content/uploads/2012/attorneys Safrin.jpg
2012.01.20 17:42 B C:\Users\gmedia\Desktop\rainmaker\Rainmaker Clients\scarinci\website\site\wp-content\uploads\2012\attorneys\Scagnelli.jpg <-- myrainmaker.org /public_html/t1/wp-content/uploads/2012/attorneys Scagnelli.jpg
2012.01.20 17:42 B C:\Users\gmedia\Desktop\rainmaker\Rainmaker Clients\scarinci\website\site\wp-content\uploads\2012\attorneys\Scarinci.jpg <-- myrainmaker.org /public_html/t1/wp-content/uploads/2012/attorneys Scarinci.jpg
2012.01.20 17:42 B C:\Users\gmedia\Desktop\rainmaker\Rainmaker Clients\scarinci\website\site\wp-content\uploads\2012\attorneys\Schwartz.jpg <-- myrainmaker.org /public_html/t1/wp-content/uploads/2012/attorneys Schwartz.jpg
2012.01.20 17:42 B C:\Users\gmedia\Desktop\rainmaker\Rainmaker Clients\scarinci\website\site\wp-content\uploads\2012\attorneys\Shulman.jpg <-- myrainmaker.org /public_html/t1/wp-content/uploads/2012/attorneys Shulman.jpg
2012.01.20 17:42 B C:\Users\gmedia\Desktop\rainmaker\Rainmaker Clients\scarinci\website\site\wp-content\uploads\2012\attorneys\Siegelbaum.jpg <-- myrainmaker.org /public_html/t1/wp-content/uploads/2012/attorneys Siegelbaum.jpg
2012.01.20 17:42 B C:\Users\gmedia\Desktop\rainmaker\Rainmaker Clients\scarinci\website\site\wp-content\uploads\2012\attorneys\sullivan.jpg <-- myrainmaker.org /public_html/t1/wp-content/uploads/2012/attorneys sullivan.jpg
2012.01.20 17:42 B C:\Users\gmedia\Desktop\rainmaker\Rainmaker Clients\scarinci\website\site\wp-content\uploads\2012\attorneys\surgent.jpg <-- myrainmaker.org /public_html/t1/wp-content/uploads/2012/attorneys surgent.jpg
2012.01.20 17:42 B C:\Users\gmedia\Desktop\rainmaker\Rainmaker Clients\scarinci\website\site\wp-content\uploads\2012\attorneys\temp_attorney_icon.jpg <-- myrainmaker.org /public_html/t1/wp-content/uploads/2012/attorneys temp_attorney_icon.jpg
2012.01.20 17:43 B C:\Users\gmedia\Desktop\rainmaker\Rainmaker Clients\scarinci\website\site\wp-content\uploads\2012\attorneys\Theodore A Schwartz.jpg <-- myrainmaker.org /public_html/t1/wp-content/uploads/2012/attorneys Theodore A Schwartz.jpg
2012.01.20 17:43 B C:\Users\gmedia\Desktop\rainmaker\Rainmaker Clients\scarinci\website\site\wp-content\uploads\2012\attorneys\vanek.jpg <-- myrainmaker.org /public_html/t1/wp-content/uploads/2012/attorneys vanek.jpg
2012.01.20 17:43 B C:\Users\gmedia\Desktop\rainmaker\Rainmaker Clients\scarinci\website\site\wp-content\uploads\2012\attorneys\Victor E Kinon.jpg <-- myrainmaker.org /public_html/t1/wp-content/uploads/2012/attorneys Victor E Kinon.jpg
2012.01.20 17:43 B C:\Users\gmedia\Desktop\rainmaker\Rainmaker Clients\scarinci\website\site\wp-content\uploads\2012\attorneys\wasserman.jpg <-- myrainmaker.org /public_html/t1/wp-content/uploads/2012/attorneys wasserman.jpg
2012.01.20 17:43 B C:\Users\gmedia\Desktop\rainmaker\Rainmaker Clients\scarinci\website\site\wp-content\uploads\2012\attorneys\zemel.jpg <-- myrainmaker.org /public_html/t1/wp-content/uploads/2012/attorneys zemel.jpg
2012.01.23 17:28 B C:\Users\gmedia\Desktop\scarinci\wp-content\uploads\2012\attorneys\WS_FTP.LOG <-- scarweb /wp-content/uploads/2012/attorneys WS_FTP.LOG
2012.01.23 17:28 B C:\Users\gmedia\Desktop\scarinci\wp-content\uploads\2012\attorneys\zemel.jpg <-- scarweb /wp-content/uploads/2012/attorneys zemel.jpg
2012.01.23 21:36 B C:\Users\gmedia\Desktop\scarinci\wp-content\uploads\2012\attorneys\Anthony-R-Caruso.jpg --> ftp3.ftptoyoursite.com /www.scarincihollenbeck.com/web/content/wp-content/uploads/2012/attorneys Anthony-R-Caruso.jpg
2012.01.23 21:36 B C:\Users\gmedia\Desktop\scarinci\wp-content\uploads\2012\attorneys\Ayres.jpg --> ftp3.ftptoyoursite.com /www.scarincihollenbeck.com/web/content/wp-content/uploads/2012/attorneys Ayres.jpg
2012.01.23 21:36 B C:\Users\gmedia\Desktop\scarinci\wp-content\uploads\2012\attorneys\Baker.jpg --> ftp3.ftptoyoursite.com /www.scarincihollenbeck.com/web/content/wp-content/uploads/2012/attorneys Baker.jpg
2012.01.23 21:36 B C:\Users\gmedia\Desktop\scarinci\wp-content\uploads\2012\attorneys\Bezer.jpg --> ftp3.ftptoyoursite.com /www.scarincihollenbeck.com/web/content/wp-content/uploads/2012/attorneys Bezer.jpg
2012.01.23 21:36 B C:\Users\gmedia\Desktop\scarinci\wp-content\uploads\2012\attorneys\Brecher.jpg --> ftp3.ftptoyoursite.com /www.scarincihollenbeck.com/web/content/wp-content/uploads/2012/attorneys Brecher.jpg
2012.01.23 21:36 B C:\Users\gmedia\Desktop\scarinci\wp-content\uploads\2012\attorneys\brierley.jpg --> ftp3.ftptoyoursite.com /www.scarincihollenbeck.com/web/content/wp-content/uploads/2012/attorneys brierley.jpg
2012.01.23 21:36 B C:\Users\gmedia\Desktop\scarinci\wp-content\uploads\2012\attorneys\Brunetti.jpg --> ftp3.ftptoyoursite.com /www.scarincihollenbeck.com/web/content/wp-content/uploads/2012/attorneys Brunetti.jpg
2012.01.23 21:36 B C:\Users\gmedia\Desktop\scarinci\wp-content\uploads\2012\attorneys\Cifelli.jpg --> ftp3.ftptoyoursite.com /www.scarincihollenbeck.com/web/content/wp-content/uploads/2012/attorneys Cifelli.jpg
2012.01.23 21:37 B C:\Users\gmedia\Desktop\scarinci\wp-content\uploads\2012\attorneys\cucchiara.jpg --> ftp3.ftptoyoursite.com /www.scarincihollenbeck.com/web/content/wp-content/uploads/2012/attorneys cucchiara.jpg
2012.01.23 21:37 B C:\Users\gmedia\Desktop\scarinci\wp-content\uploads\2012\attorneys\Dennis C Linken.jpg --> ftp3.ftptoyoursite.com /www.scarincihollenbeck.com/web/content/wp-content/uploads/2012/attorneys Dennis C Linken.jpg
2012.01.23 21:37 B C:\Users\gmedia\Desktop\scarinci\wp-content\uploads\2012\attorneys\Dias.jpg --> ftp3.ftptoyoursite.com /www.scarincihollenbeck.com/web/content/wp-content/uploads/2012/attorneys Dias.jpg
2012.01.23 21:38 B C:\Users\gmedia\Desktop\scarinci\wp-content\uploads\2012\attorneys\Donald Scarinci.jpg --> ftp3.ftptoyoursite.com /www.scarincihollenbeck.com/web/content/wp-content/uploads/2012/attorneys Donald Scarinci.jpg
2012.01.23 21:38 B C:\Users\gmedia\Desktop\scarinci\wp-content\uploads\2012\attorneys\Donegan.jpg --> ftp3.ftptoyoursite.com /www.scarincihollenbeck.com/web/content/wp-content/uploads/2012/attorneys Donegan.jpg
2012.01.23 21:38 B C:\Users\gmedia\Desktop\scarinci\wp-content\uploads\2012\attorneys\Follender.jpg --> ftp3.ftptoyoursite.com /www.scarincihollenbeck.com/web/content/wp-content/uploads/2012/attorneys Follender.jpg
2012.01.23 21:38 B C:\Users\gmedia\Desktop\scarinci\wp-content\uploads\2012\attorneys\Fred D Zemel.jpg --> ftp3.ftptoyoursite.com /www.scarincihollenbeck.com/web/content/wp-content/uploads/2012/attorneys Fred D Zemel.jpg
2012.01.23 21:38 B C:\Users\gmedia\Desktop\scarinci\wp-content\uploads\2012\attorneys\friedman.jpg --> ftp3.ftptoyoursite.com /www.scarincihollenbeck.com/web/content/wp-content/uploads/2012/attorneys friedman.jpg
2012.01.23 21:38 B C:\Users\gmedia\Desktop\scarinci\wp-content\uploads\2012\attorneys\Friedrich.jpg --> ftp3.ftptoyoursite.com /www.scarincihollenbeck.com/web/content/wp-content/uploads/2012/attorneys Friedrich.jpg
2012.01.23 21:38 B C:\Users\gmedia\Desktop\scarinci\wp-content\uploads\2012\attorneys\Gary J Cucchiara.jpg --> ftp3.ftptoyoursite.com /www.scarincihollenbeck.com/web/content/wp-content/uploads/2012/attorneys Gary J Cucchiara.jpg
2012.01.23 21:38 B C:\Users\gmedia\Desktop\scarinci\wp-content\uploads\2012\attorneys\Glucksman.jpg --> ftp3.ftptoyoursite.com /www.scarincihollenbeck.com/web/content/wp-content/uploads/2012/attorneys Glucksman.jpg
2012.01.23 21:38 B C:\Users\gmedia\Desktop\scarinci\wp-content\uploads\2012\attorneys\Griffin.jpg --> ftp3.ftptoyoursite.com /www.scarincihollenbeck.com/web/content/wp-content/uploads/2012/attorneys Griffin.jpg
2012.01.23 21:38 B C:\Users\gmedia\Desktop\scarinci\wp-content\uploads\2012\attorneys\Hecht.jpg --> ftp3.ftptoyoursite.com /www.scarincihollenbeck.com/web/content/wp-content/uploads/2012/attorneys Hecht.jpg
2012.01.23 21:38 B C:\Users\gmedia\Desktop\scarinci\wp-content\uploads\2012\attorneys\Hollenbeck.jpg --> ftp3.ftptoyoursite.com /www.scarincihollenbeck.com/web/content/wp-content/uploads/2012/attorneys Hollenbeck.jpg
2012.01.23 21:38 B C:\Users\gmedia\Desktop\scarinci\wp-content\uploads\2012\attorneys\James-F-McDonough.jpg --> ftp3.ftptoyoursite.com /www.scarincihollenbeck.com/web/content/wp-content/uploads/2012/attorneys James-F-McDonough.jpg
2012.01.23 21:39 B C:\Users\gmedia\Desktop\scarinci\wp-content\uploads\2012\attorneys\Jay V Surgent.jpg --> ftp3.ftptoyoursite.com /www.scarincihollenbeck.com/web/content/wp-content/uploads/2012/attorneys Jay V Surgent.jpg
2012.01.23 21:39 B C:\Users\gmedia\Desktop\scarinci\wp-content\uploads\2012\attorneys\Joel R Glucksman.jpg --> ftp3.ftptoyoursite.com /www.scarincihollenbeck.com/web/content/wp-content/uploads/2012/attorneys Joel R Glucksman.jpg
2012.01.23 21:39 B C:\Users\gmedia\Desktop\scarinci\wp-content\uploads\2012\attorneys\Joel-N-Kreizman.jpg --> ftp3.ftptoyoursite.com /www.scarincihollenbeck.com/web/content/wp-content/uploads/2012/attorneys Joel-N-Kreizman.jpg
2012.01.23 21:40 B C:\Users\gmedia\Desktop\scarinci\wp-content\uploads\2012\attorneys\John M Scagnelli.jpg --> ftp3.ftptoyoursite.com /www.scarincihollenbeck.com/web/content/wp-content/uploads/2012/attorneys John M Scagnelli.jpg
2012.01.23 21:40 B C:\Users\gmedia\Desktop\scarinci\wp-content\uploads\2012\attorneys\Joseph W Oxley.jpg --> ftp3.ftptoyoursite.com /www.scarincihollenbeck.com/web/content/wp-content/uploads/2012/attorneys Joseph W Oxley.jpg
2012.01.23 21:40 B C:\Users\gmedia\Desktop\scarinci\wp-content\uploads\2012\attorneys\kaczynski.jpg --> ftp3.ftptoyoursite.com /www.scarincihollenbeck.com/web/content/wp-content/uploads/2012/attorneys kaczynski.jpg
2012.01.23 21:40 B C:\Users\gmedia\Desktop\scarinci\wp-content\uploads\2012\attorneys\Kapusinski.jpg --> ftp3.ftptoyoursite.com /www.scarincihollenbeck.com/web/content/wp-content/uploads/2012/attorneys Kapusinski.jpg
2012.01.23 21:40 B C:\Users\gmedia\Desktop\scarinci\wp-content\uploads\2012\attorneys\Kinon.jpg --> ftp3.ftptoyoursite.com /www.scarincihollenbeck.com/web/content/wp-content/uploads/2012/attorneys Kinon.jpg
2012.01.23 21:40 B C:\Users\gmedia\Desktop\scarinci\wp-content\uploads\2012\attorneys\Levy.jpg --> ftp3.ftptoyoursite.com /www.scarincihollenbeck.com/web/content/wp-content/uploads/2012/attorneys Levy.jpg
2012.01.23 21:40 B C:\Users\gmedia\Desktop\scarinci\wp-content\uploads\2012\attorneys\Linken.jpg --> ftp3.ftptoyoursite.com /www.scarincihollenbeck.com/web/content/wp-content/uploads/2012/attorneys Linken.jpg
2012.01.23 21:41 B C:\Users\gmedia\Desktop\scarinci\wp-content\uploads\2012\attorneys\Mark K Follender.jpg --> ftp3.ftptoyoursite.com /www.scarincihollenbeck.com/web/content/wp-content/uploads/2012/attorneys Mark K Follender.jpg
2012.01.23 21:41 B C:\Users\gmedia\Desktop\scarinci\wp-content\uploads\2012\attorneys\marsico.jpg --> ftp3.ftptoyoursite.com /www.scarincihollenbeck.com/web/content/wp-content/uploads/2012/attorneys marsico.jpg
2012.01.23 21:41 B C:\Users\gmedia\Desktop\scarinci\wp-content\uploads\2012\attorneys\McNamara.jpg --> ftp3.ftptoyoursite.com /www.scarincihollenbeck.com/web/content/wp-content/uploads/2012/attorneys McNamara.jpg
2012.01.23 21:41 B C:\Users\gmedia\Desktop\scarinci\wp-content\uploads\2012\attorneys\michelson.jpg --> ftp3.ftptoyoursite.com /www.scarincihollenbeck.com/web/content/wp-content/uploads/2012/attorneys michelson.jpg
2012.01.23 21:41 B C:\Users\gmedia\Desktop\scarinci\wp-content\uploads\2012\attorneys\Miller.jpg --> ftp3.ftptoyoursite.com /www.scarincihollenbeck.com/web/content/wp-content/uploads/2012/attorneys Miller.jpg
2012.01.23 21:41 B C:\Users\gmedia\Desktop\scarinci\wp-content\uploads\2012\attorneys\no_pic.jpg --> ftp3.ftptoyoursite.com /www.scarincihollenbeck.com/web/content/wp-content/uploads/2012/attorneys no_pic.jpg
2012.01.23 21:41 B C:\Users\gmedia\Desktop\scarinci\wp-content\uploads\2012\attorneys\Oh.jpg --> ftp3.ftptoyoursite.com /www.scarincihollenbeck.com/web/content/wp-content/uploads/2012/attorneys Oh.jpg
2012.01.23 21:41 B C:\Users\gmedia\Desktop\scarinci\wp-content\uploads\2012\attorneys\Oxley.jpg --> ftp3.ftptoyoursite.com /www.scarincihollenbeck.com/web/content/wp-content/uploads/2012/attorneys Oxley.jpg
2012.01.23 21:42 B C:\Users\gmedia\Desktop\scarinci\wp-content\uploads\2012\attorneys\Patrick J McNamara.jpg --> ftp3.ftptoyoursite.com /www.scarincihollenbeck.com/web/content/wp-content/uploads/2012/attorneys Patrick J McNamara.jpg
2012.01.23 21:42 B C:\Users\gmedia\Desktop\scarinci\wp-content\uploads\2012\attorneys\Peter-R-Yarem.jpg --> ftp3.ftptoyoursite.com /www.scarincihollenbeck.com/web/content/wp-content/uploads/2012/attorneys Peter-R-Yarem.jpg
2012.01.23 21:42 B C:\Users\gmedia\Desktop\scarinci\wp-content\uploads\2012\attorneys\placeholder.jpg --> ftp3.ftptoyoursite.com /www.scarincihollenbeck.com/web/content/wp-content/uploads/2012/attorneys placeholder.jpg
2012.01.23 21:42 B C:\Users\gmedia\Desktop\scarinci\wp-content\uploads\2012\attorneys\Ramon E Rivera.jpg --> ftp3.ftptoyoursite.com /www.scarincihollenbeck.com/web/content/wp-content/uploads/2012/attorneys Ramon E Rivera.jpg
2012.01.23 21:42 B C:\Users\gmedia\Desktop\scarinci\wp-content\uploads\2012\attorneys\Rivera.jpg --> ftp3.ftptoyoursite.com /www.scarincihollenbeck.com/web/content/wp-content/uploads/2012/attorneys Rivera.jpg
2012.01.23 21:42 B C:\Users\gmedia\Desktop\scarinci\wp-content\uploads\2012\attorneys\Robert A Marsico.jpg --> ftp3.ftptoyoursite.com /www.scarincihollenbeck.com/web/content/wp-content/uploads/2012/attorneys Robert A Marsico.jpg
2012.01.23 21:43 B C:\Users\gmedia\Desktop\scarinci\wp-content\uploads\2012\attorneys\Robert E Levy.jpg --> ftp3.ftptoyoursite.com /www.scarincihollenbeck.com/web/content/wp-content/uploads/2012/attorneys Robert E Levy.jpg
2012.01.23 21:43 B C:\Users\gmedia\Desktop\scarinci\wp-content\uploads\2012\attorneys\Safrin.jpg --> ftp3.ftptoyoursite.com /www.scarincihollenbeck.com/web/content/wp-content/uploads/2012/attorneys Safrin.jpg
2012.01.23 21:43 B C:\Users\gmedia\Desktop\scarinci\wp-content\uploads\2012\attorneys\Scagnelli.jpg --> ftp3.ftptoyoursite.com /www.scarincihollenbeck.com/web/content/wp-content/uploads/2012/attorneys Scagnelli.jpg
2012.01.23 21:43 B C:\Users\gmedia\Desktop\scarinci\wp-content\uploads\2012\attorneys\Scarinci.jpg --> ftp3.ftptoyoursite.com /www.scarincihollenbeck.com/web/content/wp-content/uploads/2012/attorneys Scarinci.jpg
2012.01.23 21:43 B C:\Users\gmedia\Desktop\scarinci\wp-content\uploads\2012\attorneys\Schwartz.jpg --> ftp3.ftptoyoursite.com /www.scarincihollenbeck.com/web/content/wp-content/uploads/2012/attorneys Schwartz.jpg
2012.01.23 21:43 B C:\Users\gmedia\Desktop\scarinci\wp-content\uploads\2012\attorneys\Shulman.jpg --> ftp3.ftptoyoursite.com /www.scarincihollenbeck.com/web/content/wp-content/uploads/2012/attorneys Shulman.jpg
2012.01.23 21:43 B C:\Users\gmedia\Desktop\scarinci\wp-content\uploads\2012\attorneys\Siegelbaum.jpg --> ftp3.ftptoyoursite.com /www.scarincihollenbeck.com/web/content/wp-content/uploads/2012/attorneys Siegelbaum.jpg
2012.01.23 21:43 B C:\Users\gmedia\Desktop\scarinci\wp-content\uploads\2012\attorneys\sullivan.jpg --> ftp3.ftptoyoursite.com /www.scarincihollenbeck.com/web/content/wp-content/uploads/2012/attorneys sullivan.jpg
2012.01.23 21:43 B C:\Users\gmedia\Desktop\scarinci\wp-content\uploads\2012\attorneys\surgent.jpg --> ftp3.ftptoyoursite.com /www.scarincihollenbeck.com/web/content/wp-content/uploads/2012/attorneys surgent.jpg
2012.01.23 21:43 B C:\Users\gmedia\Desktop\scarinci\wp-content\uploads\2012\attorneys\temp_attorney_icon.jpg --> ftp3.ftptoyoursite.com /www.scarincihollenbeck.com/web/content/wp-content/uploads/2012/attorneys temp_attorney_icon.jpg
2012.01.23 21:43 B C:\Users\gmedia\Desktop\scarinci\wp-content\uploads\2012\attorneys\Theodore A Schwartz.jpg --> ftp3.ftptoyoursite.com /www.scarincihollenbeck.com/web/content/wp-content/uploads/2012/attorneys Theodore A Schwartz.jpg
2012.01.23 21:43 B C:\Users\gmedia\Desktop\scarinci\wp-content\uploads\2012\attorneys\vanek.jpg --> ftp3.ftptoyoursite.com /www.scarincihollenbeck.com/web/content/wp-content/uploads/2012/attorneys vanek.jpg
2012.01.23 21:43 B C:\Users\gmedia\Desktop\scarinci\wp-content\uploads\2012\attorneys\Victor E Kinon.jpg --> ftp3.ftptoyoursite.com /www.scarincihollenbeck.com/web/content/wp-content/uploads/2012/attorneys Victor E Kinon.jpg
2012.01.23 21:43 B C:\Users\gmedia\Desktop\scarinci\wp-content\uploads\2012\attorneys\wasserman.jpg --> ftp3.ftptoyoursite.com /www.scarincihollenbeck.com/web/content/wp-content/uploads/2012/attorneys wasserman.jpg
