2012.01.20 17:43 B C:\Users\gmedia\Desktop\rainmaker\Rainmaker Clients\scarinci\website\site\wp-content\uploads\2012\vcards\Allen-Safrin.vcf <-- myrainmaker.org /public_html/t1/wp-content/uploads/2012/vcards Allen-Safrin.vcf
2012.01.20 17:43 B C:\Users\gmedia\Desktop\rainmaker\Rainmaker Clients\scarinci\website\site\wp-content\uploads\2012\vcards\Candida-CJ-Griffin.vcf <-- myrainmaker.org /public_html/t1/wp-content/uploads/2012/vcards Candida-CJ-Griffin.vcf
2012.01.20 17:43 B C:\Users\gmedia\Desktop\rainmaker\Rainmaker Clients\scarinci\website\site\wp-content\uploads\2012\vcards\Christina-M.-Michelson.vcf <-- myrainmaker.org /public_html/t1/wp-content/uploads/2012/vcards Christina-M.-Michelson.vcf
2012.01.20 17:43 B C:\Users\gmedia\Desktop\rainmaker\Rainmaker Clients\scarinci\website\site\wp-content\uploads\2012\vcards\Christine-M.-Vanek.vcf <-- myrainmaker.org /public_html/t1/wp-content/uploads/2012/vcards Christine-M.-Vanek.vcf
2012.01.20 17:43 B C:\Users\gmedia\Desktop\rainmaker\Rainmaker Clients\scarinci\website\site\wp-content\uploads\2012\vcards\Dan-Brecher.vcf <-- myrainmaker.org /public_html/t1/wp-content/uploads/2012/vcards Dan-Brecher.vcf
2012.01.20 17:43 B C:\Users\gmedia\Desktop\rainmaker\Rainmaker Clients\scarinci\website\site\wp-content\uploads\2012\vcards\Dennis-C.-Linken.vcf <-- myrainmaker.org /public_html/t1/wp-content/uploads/2012/vcards Dennis-C.-Linken.vcf
2012.01.20 17:43 B C:\Users\gmedia\Desktop\rainmaker\Rainmaker Clients\scarinci\website\site\wp-content\uploads\2012\vcards\Donald-Scarinci.vcf <-- myrainmaker.org /public_html/t1/wp-content/uploads/2012/vcards Donald-Scarinci.vcf
2012.01.20 17:43 B C:\Users\gmedia\Desktop\rainmaker\Rainmaker Clients\scarinci\website\site\wp-content\uploads\2012\vcards\Donovan-Bezer.vcf <-- myrainmaker.org /public_html/t1/wp-content/uploads/2012/vcards Donovan-Bezer.vcf
2012.01.20 17:43 B C:\Users\gmedia\Desktop\rainmaker\Rainmaker Clients\scarinci\website\site\wp-content\uploads\2012\vcards\Douglas-S-Brierley.vcf <-- myrainmaker.org /public_html/t1/wp-content/uploads/2012/vcards Douglas-S-Brierley.vcf
2012.01.20 17:43 B C:\Users\gmedia\Desktop\rainmaker\Rainmaker Clients\scarinci\website\site\wp-content\uploads\2012\vcards\Frank-L-Brunetti.vcf <-- myrainmaker.org /public_html/t1/wp-content/uploads/2012/vcards Frank-L-Brunetti.vcf
2012.01.20 17:43 B C:\Users\gmedia\Desktop\rainmaker\Rainmaker Clients\scarinci\website\site\wp-content\uploads\2012\vcards\Frank-P-Kapusinski.vcf <-- myrainmaker.org /public_html/t1/wp-content/uploads/2012/vcards Frank-P-Kapusinski.vcf
2012.01.20 17:43 B C:\Users\gmedia\Desktop\rainmaker\Rainmaker Clients\scarinci\website\site\wp-content\uploads\2012\vcards\Fred-D-Zemel.vcf <-- myrainmaker.org /public_html/t1/wp-content/uploads/2012/vcards Fred-D-Zemel.vcf
2012.01.20 17:43 B C:\Users\gmedia\Desktop\rainmaker\Rainmaker Clients\scarinci\website\site\wp-content\uploads\2012\vcards\Gordon-E-Hecht.vcf <-- myrainmaker.org /public_html/t1/wp-content/uploads/2012/vcards Gordon-E-Hecht.vcf
2012.01.20 17:43 B C:\Users\gmedia\Desktop\rainmaker\Rainmaker Clients\scarinci\website\site\wp-content\uploads\2012\vcards\Jay-V-Surgent.vcf <-- myrainmaker.org /public_html/t1/wp-content/uploads/2012/vcards Jay-V-Surgent.vcf
2012.01.20 17:43 B C:\Users\gmedia\Desktop\rainmaker\Rainmaker Clients\scarinci\website\site\wp-content\uploads\2012\vcards\Joel-R-Glucksman.vcf <-- myrainmaker.org /public_html/t1/wp-content/uploads/2012/vcards Joel-R-Glucksman.vcf
2012.01.20 17:43 B C:\Users\gmedia\Desktop\rainmaker\Rainmaker Clients\scarinci\website\site\wp-content\uploads\2012\vcards\John-M-Scagnelli.vcf <-- myrainmaker.org /public_html/t1/wp-content/uploads/2012/vcards John-M-Scagnelli.vcf
2012.01.20 17:43 B C:\Users\gmedia\Desktop\rainmaker\Rainmaker Clients\scarinci\website\site\wp-content\uploads\2012\vcards\Joseph-M-Donegan.vcf <-- myrainmaker.org /public_html/t1/wp-content/uploads/2012/vcards Joseph-M-Donegan.vcf
2012.01.20 17:43 B C:\Users\gmedia\Desktop\rainmaker\Rainmaker Clients\scarinci\website\site\wp-content\uploads\2012\vcards\Joseph-W-Oxley.vcf <-- myrainmaker.org /public_html/t1/wp-content/uploads/2012/vcards Joseph-W-Oxley.vcf
2012.01.20 17:43 B C:\Users\gmedia\Desktop\rainmaker\Rainmaker Clients\scarinci\website\site\wp-content\uploads\2012\vcards\Kara-A-Kaczynski.vcf <-- myrainmaker.org /public_html/t1/wp-content/uploads/2012/vcards Kara-A-Kaczynski.vcf
2012.01.20 17:43 B C:\Users\gmedia\Desktop\rainmaker\Rainmaker Clients\scarinci\website\site\wp-content\uploads\2012\vcards\Kenneth-C-Oh.vcf <-- myrainmaker.org /public_html/t1/wp-content/uploads/2012/vcards Kenneth-C-Oh.vcf
2012.01.20 17:43 B C:\Users\gmedia\Desktop\rainmaker\Rainmaker Clients\scarinci\website\site\wp-content\uploads\2012\vcards\Kenneth-J-Hollenbeck.vcf <-- myrainmaker.org /public_html/t1/wp-content/uploads/2012/vcards Kenneth-J-Hollenbeck.vcf
2012.01.20 17:43 B C:\Users\gmedia\Desktop\rainmaker\Rainmaker Clients\scarinci\website\site\wp-content\uploads\2012\vcards\Laura-M-Miller.vcf <-- myrainmaker.org /public_html/t1/wp-content/uploads/2012/vcards Laura-M-Miller.vcf
2012.01.20 17:43 B C:\Users\gmedia\Desktop\rainmaker\Rainmaker Clients\scarinci\website\site\wp-content\uploads\2012\vcards\Mark-K-Follender.vcf <-- myrainmaker.org /public_html/t1/wp-content/uploads/2012/vcards Mark-K-Follender.vcf
2012.01.20 17:43 B C:\Users\gmedia\Desktop\rainmaker\Rainmaker Clients\scarinci\website\site\wp-content\uploads\2012\vcards\Michael-A-Cifelli.vcf <-- myrainmaker.org /public_html/t1/wp-content/uploads/2012/vcards Michael-A-Cifelli.vcf
2012.01.20 17:43 B C:\Users\gmedia\Desktop\rainmaker\Rainmaker Clients\scarinci\website\site\wp-content\uploads\2012\vcards\Patrick-J-McNamara.vcf <-- myrainmaker.org /public_html/t1/wp-content/uploads/2012/vcards Patrick-J-McNamara.vcf
2012.01.20 17:43 B C:\Users\gmedia\Desktop\rainmaker\Rainmaker Clients\scarinci\website\site\wp-content\uploads\2012\vcards\Ramon-E-Rivera.vcf <-- myrainmaker.org /public_html/t1/wp-content/uploads/2012/vcards Ramon-E-Rivera.vcf
2012.01.20 17:43 B C:\Users\gmedia\Desktop\rainmaker\Rainmaker Clients\scarinci\website\site\wp-content\uploads\2012\vcards\Robert-A-Marsico.vcf <-- myrainmaker.org /public_html/t1/wp-content/uploads/2012/vcards Robert-A-Marsico.vcf
2012.01.20 17:43 B C:\Users\gmedia\Desktop\rainmaker\Rainmaker Clients\scarinci\website\site\wp-content\uploads\2012\vcards\Robert-E-Levy.vcf <-- myrainmaker.org /public_html/t1/wp-content/uploads/2012/vcards Robert-E-Levy.vcf
2012.01.20 17:43 B C:\Users\gmedia\Desktop\rainmaker\Rainmaker Clients\scarinci\website\site\wp-content\uploads\2012\vcards\Sandra-T-Ayres.vcf <-- myrainmaker.org /public_html/t1/wp-content/uploads/2012/vcards Sandra-T-Ayres.vcf
2012.01.20 17:43 B C:\Users\gmedia\Desktop\rainmaker\Rainmaker Clients\scarinci\website\site\wp-content\uploads\2012\vcards\Sean-D-Dias.vcf <-- myrainmaker.org /public_html/t1/wp-content/uploads/2012/vcards Sean-D-Dias.vcf
2012.01.20 17:43 B C:\Users\gmedia\Desktop\rainmaker\Rainmaker Clients\scarinci\website\site\wp-content\uploads\2012\vcards\Sheri-K-Siegelbaum.vcf <-- myrainmaker.org /public_html/t1/wp-content/uploads/2012/vcards Sheri-K-Siegelbaum.vcf
2012.01.20 17:43 B C:\Users\gmedia\Desktop\rainmaker\Rainmaker Clients\scarinci\website\site\wp-content\uploads\2012\vcards\Theodore-A-Schwartz.vcf <-- myrainmaker.org /public_html/t1/wp-content/uploads/2012/vcards Theodore-A-Schwartz.vcf
2012.01.20 17:43 B C:\Users\gmedia\Desktop\rainmaker\Rainmaker Clients\scarinci\website\site\wp-content\uploads\2012\vcards\Victor-E-Kinon.vcf <-- myrainmaker.org /public_html/t1/wp-content/uploads/2012/vcards Victor-E-Kinon.vcf
2012.01.20 17:43 B C:\Users\gmedia\Desktop\rainmaker\Rainmaker Clients\scarinci\website\site\wp-content\uploads\2012\vcards\William-A-Baker.vcf <-- myrainmaker.org /public_html/t1/wp-content/uploads/2012/vcards William-A-Baker.vcf
2012.01.20 17:43 B C:\Users\gmedia\Desktop\rainmaker\Rainmaker Clients\scarinci\website\site\wp-content\uploads\2012\vcards\William-C-Sullivan-Jr..vcf <-- myrainmaker.org /public_html/t1/wp-content/uploads/2012/vcards William-C-Sullivan-Jr..vcf
2012.01.23 17:28 B C:\Users\gmedia\Desktop\scarinci\wp-content\uploads\2012\vcards\WS_FTP.LOG <-- scarweb /wp-content/uploads/2012/vcards WS_FTP.LOG
2012.01.23 21:43 B C:\Users\gmedia\Desktop\scarinci\wp-content\uploads\2012\vcards\Allen-Safrin.vcf --> ftp3.ftptoyoursite.com /www.scarincihollenbeck.com/web/content/wp-content/uploads/2012/vcards Allen-Safrin.vcf
2012.01.23 21:43 B C:\Users\gmedia\Desktop\scarinci\wp-content\uploads\2012\vcards\Candida-CJ-Griffin.vcf --> ftp3.ftptoyoursite.com /www.scarincihollenbeck.com/web/content/wp-content/uploads/2012/vcards Candida-CJ-Griffin.vcf
2012.01.23 21:43 B C:\Users\gmedia\Desktop\scarinci\wp-content\uploads\2012\vcards\Christina-M.-Michelson.vcf --> ftp3.ftptoyoursite.com /www.scarincihollenbeck.com/web/content/wp-content/uploads/2012/vcards Christina-M.-Michelson.vcf
2012.01.23 21:43 B C:\Users\gmedia\Desktop\scarinci\wp-content\uploads\2012\vcards\Christine-M.-Vanek.vcf --> ftp3.ftptoyoursite.com /www.scarincihollenbeck.com/web/content/wp-content/uploads/2012/vcards Christine-M.-Vanek.vcf
2012.01.23 21:43 B C:\Users\gmedia\Desktop\scarinci\wp-content\uploads\2012\vcards\Dan-Brecher.vcf --> ftp3.ftptoyoursite.com /www.scarincihollenbeck.com/web/content/wp-content/uploads/2012/vcards Dan-Brecher.vcf
2012.01.23 21:43 B C:\Users\gmedia\Desktop\scarinci\wp-content\uploads\2012\vcards\Dennis-C.-Linken.vcf --> ftp3.ftptoyoursite.com /www.scarincihollenbeck.com/web/content/wp-content/uploads/2012/vcards Dennis-C.-Linken.vcf
2012.01.23 21:43 B C:\Users\gmedia\Desktop\scarinci\wp-content\uploads\2012\vcards\Donald-Scarinci.vcf --> ftp3.ftptoyoursite.com /www.scarincihollenbeck.com/web/content/wp-content/uploads/2012/vcards Donald-Scarinci.vcf
2012.01.23 21:43 B C:\Users\gmedia\Desktop\scarinci\wp-content\uploads\2012\vcards\Donovan-Bezer.vcf --> ftp3.ftptoyoursite.com /www.scarincihollenbeck.com/web/content/wp-content/uploads/2012/vcards Donovan-Bezer.vcf
2012.01.23 21:43 B C:\Users\gmedia\Desktop\scarinci\wp-content\uploads\2012\vcards\Douglas-S-Brierley.vcf --> ftp3.ftptoyoursite.com /www.scarincihollenbeck.com/web/content/wp-content/uploads/2012/vcards Douglas-S-Brierley.vcf
2012.01.23 21:43 B C:\Users\gmedia\Desktop\scarinci\wp-content\uploads\2012\vcards\Frank-L-Brunetti.vcf --> ftp3.ftptoyoursite.com /www.scarincihollenbeck.com/web/content/wp-content/uploads/2012/vcards Frank-L-Brunetti.vcf
2012.01.23 21:43 B C:\Users\gmedia\Desktop\scarinci\wp-content\uploads\2012\vcards\Frank-P-Kapusinski.vcf --> ftp3.ftptoyoursite.com /www.scarincihollenbeck.com/web/content/wp-content/uploads/2012/vcards Frank-P-Kapusinski.vcf
2012.01.23 21:43 B C:\Users\gmedia\Desktop\scarinci\wp-content\uploads\2012\vcards\Fred-D-Zemel.vcf --> ftp3.ftptoyoursite.com /www.scarincihollenbeck.com/web/content/wp-content/uploads/2012/vcards Fred-D-Zemel.vcf
2012.01.23 21:43 B C:\Users\gmedia\Desktop\scarinci\wp-content\uploads\2012\vcards\Gordon-E-Hecht.vcf --> ftp3.ftptoyoursite.com /www.scarincihollenbeck.com/web/content/wp-content/uploads/2012/vcards Gordon-E-Hecht.vcf
2012.01.23 21:43 B C:\Users\gmedia\Desktop\scarinci\wp-content\uploads\2012\vcards\Jay-V-Surgent.vcf --> ftp3.ftptoyoursite.com /www.scarincihollenbeck.com/web/content/wp-content/uploads/2012/vcards Jay-V-Surgent.vcf
2012.01.23 21:43 B C:\Users\gmedia\Desktop\scarinci\wp-content\uploads\2012\vcards\Joel-R-Glucksman.vcf --> ftp3.ftptoyoursite.com /www.scarincihollenbeck.com/web/content/wp-content/uploads/2012/vcards Joel-R-Glucksman.vcf
2012.01.23 21:43 B C:\Users\gmedia\Desktop\scarinci\wp-content\uploads\2012\vcards\John-M-Scagnelli.vcf --> ftp3.ftptoyoursite.com /www.scarincihollenbeck.com/web/content/wp-content/uploads/2012/vcards John-M-Scagnelli.vcf
2012.01.23 21:43 B C:\Users\gmedia\Desktop\scarinci\wp-content\uploads\2012\vcards\Joseph-M-Donegan.vcf --> ftp3.ftptoyoursite.com /www.scarincihollenbeck.com/web/content/wp-content/uploads/2012/vcards Joseph-M-Donegan.vcf
2012.01.23 21:43 B C:\Users\gmedia\Desktop\scarinci\wp-content\uploads\2012\vcards\Joseph-W-Oxley.vcf --> ftp3.ftptoyoursite.com /www.scarincihollenbeck.com/web/content/wp-content/uploads/2012/vcards Joseph-W-Oxley.vcf
2012.01.23 21:43 B C:\Users\gmedia\Desktop\scarinci\wp-content\uploads\2012\vcards\Kara-A-Kaczynski.vcf --> ftp3.ftptoyoursite.com /www.scarincihollenbeck.com/web/content/wp-content/uploads/2012/vcards Kara-A-Kaczynski.vcf
2012.01.23 21:43 B C:\Users\gmedia\Desktop\scarinci\wp-content\uploads\2012\vcards\Kenneth-C-Oh.vcf --> ftp3.ftptoyoursite.com /www.scarincihollenbeck.com/web/content/wp-content/uploads/2012/vcards Kenneth-C-Oh.vcf
2012.01.23 21:43 B C:\Users\gmedia\Desktop\scarinci\wp-content\uploads\2012\vcards\Kenneth-J-Hollenbeck.vcf --> ftp3.ftptoyoursite.com /www.scarincihollenbeck.com/web/content/wp-content/uploads/2012/vcards Kenneth-J-Hollenbeck.vcf
2012.01.23 21:44 B C:\Users\gmedia\Desktop\scarinci\wp-content\uploads\2012\vcards\Laura-M-Miller.vcf --> ftp3.ftptoyoursite.com /www.scarincihollenbeck.com/web/content/wp-content/uploads/2012/vcards Laura-M-Miller.vcf
2012.01.23 21:44 B C:\Users\gmedia\Desktop\scarinci\wp-content\uploads\2012\vcards\Mark-K-Follender.vcf --> ftp3.ftptoyoursite.com /www.scarincihollenbeck.com/web/content/wp-content/uploads/2012/vcards Mark-K-Follender.vcf
2012.01.23 21:44 B C:\Users\gmedia\Desktop\scarinci\wp-content\uploads\2012\vcards\Michael-A-Cifelli.vcf --> ftp3.ftptoyoursite.com /www.scarincihollenbeck.com/web/content/wp-content/uploads/2012/vcards Michael-A-Cifelli.vcf
2012.01.23 21:44 B C:\Users\gmedia\Desktop\scarinci\wp-content\uploads\2012\vcards\Patrick-J-McNamara.vcf --> ftp3.ftptoyoursite.com /www.scarincihollenbeck.com/web/content/wp-content/uploads/2012/vcards Patrick-J-McNamara.vcf
2012.01.23 21:44 B C:\Users\gmedia\Desktop\scarinci\wp-content\uploads\2012\vcards\Ramon-E-Rivera.vcf --> ftp3.ftptoyoursite.com /www.scarincihollenbeck.com/web/content/wp-content/uploads/2012/vcards Ramon-E-Rivera.vcf
2012.01.23 21:44 B C:\Users\gmedia\Desktop\scarinci\wp-content\uploads\2012\vcards\Robert-A-Marsico.vcf --> ftp3.ftptoyoursite.com /www.scarincihollenbeck.com/web/content/wp-content/uploads/2012/vcards Robert-A-Marsico.vcf
2012.01.23 21:44 B C:\Users\gmedia\Desktop\scarinci\wp-content\uploads\2012\vcards\Robert-E-Levy.vcf --> ftp3.ftptoyoursite.com /www.scarincihollenbeck.com/web/content/wp-content/uploads/2012/vcards Robert-E-Levy.vcf
2012.01.23 21:44 B C:\Users\gmedia\Desktop\scarinci\wp-content\uploads\2012\vcards\Sandra-T-Ayres.vcf --> ftp3.ftptoyoursite.com /www.scarincihollenbeck.com/web/content/wp-content/uploads/2012/vcards Sandra-T-Ayres.vcf
2012.01.23 21:44 B C:\Users\gmedia\Desktop\scarinci\wp-content\uploads\2012\vcards\Sean-D-Dias.vcf --> ftp3.ftptoyoursite.com /www.scarincihollenbeck.com/web/content/wp-content/uploads/2012/vcards Sean-D-Dias.vcf
2012.01.23 21:44 B C:\Users\gmedia\Desktop\scarinci\wp-content\uploads\2012\vcards\Sheri-K-Siegelbaum.vcf --> ftp3.ftptoyoursite.com /www.scarincihollenbeck.com/web/content/wp-content/uploads/2012/vcards Sheri-K-Siegelbaum.vcf
2012.01.23 21:44 B C:\Users\gmedia\Desktop\scarinci\wp-content\uploads\2012\vcards\Theodore-A-Schwartz.vcf --> ftp3.ftptoyoursite.com /www.scarincihollenbeck.com/web/content/wp-content/uploads/2012/vcards Theodore-A-Schwartz.vcf
2012.01.23 21:44 B C:\Users\gmedia\Desktop\scarinci\wp-content\uploads\2012\vcards\Victor-E-Kinon.vcf --> ftp3.ftptoyoursite.com /www.scarincihollenbeck.com/web/content/wp-content/uploads/2012/vcards Victor-E-Kinon.vcf
2012.01.23 21:44 B C:\Users\gmedia\Desktop\scarinci\wp-content\uploads\2012\vcards\William-A-Baker.vcf --> ftp3.ftptoyoursite.com /www.scarincihollenbeck.com/web/content/wp-content/uploads/2012/vcards William-A-Baker.vcf
2012.01.23 21:44 B C:\Users\gmedia\Desktop\scarinci\wp-content\uploads\2012\vcards\William-C-Sullivan-Jr..vcf --> ftp3.ftptoyoursite.com /www.scarincihollenbeck.com/web/content/wp-content/uploads/2012/vcards William-C-Sullivan-Jr..vcf
