2011.12.05 13:13 B C:\Users\gmedia\Desktop\rainmaker\Rainmaker Clients\hall-chelle\hallbiz\wp-content\uploads\2011\11\header.jpg <-- azhealth /public_html/wp-content/uploads/2011/11 header.jpg
2011.12.05 13:13 B C:\Users\gmedia\Desktop\rainmaker\Rainmaker Clients\hall-chelle\hallbiz\wp-content\uploads\2011\11\header1.jpg <-- azhealth /public_html/wp-content/uploads/2011/11 header1.jpg
2011.12.05 13:13 B C:\Users\gmedia\Desktop\rainmaker\Rainmaker Clients\hall-chelle\hallbiz\wp-content\uploads\2011\11\header2.jpg <-- azhealth /public_html/wp-content/uploads/2011/11 header2.jpg
2011.12.05 13:13 B C:\Users\gmedia\Desktop\rainmaker\Rainmaker Clients\hall-chelle\hallbiz\wp-content\uploads\2011\11\header3.jpg <-- azhealth /public_html/wp-content/uploads/2011/11 header3.jpg
2011.12.05 13:13 B C:\Users\gmedia\Desktop\rainmaker\Rainmaker Clients\hall-chelle\hallbiz\wp-content\uploads\2011\11\header4.jpg <-- azhealth /public_html/wp-content/uploads/2011/11 header4.jpg
2011.12.05 13:13 B C:\Users\gmedia\Desktop\rainmaker\Rainmaker Clients\hall-chelle\hallbiz\wp-content\uploads\2011\11\post1-150x150.jpg <-- azhealth /public_html/wp-content/uploads/2011/11 post1-150x150.jpg
2011.12.05 13:13 B C:\Users\gmedia\Desktop\rainmaker\Rainmaker Clients\hall-chelle\hallbiz\wp-content\uploads\2011\11\post1.jpg <-- azhealth /public_html/wp-content/uploads/2011/11 post1.jpg
2011.12.05 14:30 B C:\Users\gmedia\Desktop\rainmaker\Rainmaker Clients\hall-chelle\hallbiz\wp-content\uploads\2011\11\header.jpg --> phoenix-business-attorneys.com /public_html/wp-content/uploads/2011/11 header.jpg
2011.12.05 14:30 B C:\Users\gmedia\Desktop\rainmaker\Rainmaker Clients\hall-chelle\hallbiz\wp-content\uploads\2011\11\header1.jpg --> phoenix-business-attorneys.com /public_html/wp-content/uploads/2011/11 header1.jpg
2011.12.05 14:30 B C:\Users\gmedia\Desktop\rainmaker\Rainmaker Clients\hall-chelle\hallbiz\wp-content\uploads\2011\11\header2.jpg --> phoenix-business-attorneys.com /public_html/wp-content/uploads/2011/11 header2.jpg
2011.12.05 14:30 B C:\Users\gmedia\Desktop\rainmaker\Rainmaker Clients\hall-chelle\hallbiz\wp-content\uploads\2011\11\header3.jpg --> phoenix-business-attorneys.com /public_html/wp-content/uploads/2011/11 header3.jpg
2011.12.05 14:30 B C:\Users\gmedia\Desktop\rainmaker\Rainmaker Clients\hall-chelle\hallbiz\wp-content\uploads\2011\11\header4.jpg --> phoenix-business-attorneys.com /public_html/wp-content/uploads/2011/11 header4.jpg
2011.12.05 14:30 B C:\Users\gmedia\Desktop\rainmaker\Rainmaker Clients\hall-chelle\hallbiz\wp-content\uploads\2011\11\post1-150x150.jpg --> phoenix-business-attorneys.com /public_html/wp-content/uploads/2011/11 post1-150x150.jpg
2011.12.05 14:30 B C:\Users\gmedia\Desktop\rainmaker\Rainmaker Clients\hall-chelle\hallbiz\wp-content\uploads\2011\11\post1.jpg --> phoenix-business-attorneys.com /public_html/wp-content/uploads/2011/11 post1.jpg
2012.01.20 17:39 B C:\Users\gmedia\Desktop\rainmaker\Rainmaker Clients\scarinci\website\site\wp-content\uploads\2011\11\WS_FTP.LOG <-- myrainmaker.org /public_html/t1/wp-content/uploads/2011/11 WS_FTP.LOG
2012.01.23 17:15 B C:\Users\gmedia\Desktop\scarinci\wp-content\uploads\2011\11\WS_FTP.LOG <-- scarweb /wp-content/uploads/2011/11 WS_FTP.LOG
2012.01.23 21:36 B C:\Users\gmedia\Desktop\scarinci\wp-content\uploads\2011\11\header.jpg --> ftp3.ftptoyoursite.com /www.scarincihollenbeck.com/web/content/wp-content/uploads/2011/11 header.jpg
2012.01.23 21:36 B C:\Users\gmedia\Desktop\scarinci\wp-content\uploads\2011\11\header1.jpg --> ftp3.ftptoyoursite.com /www.scarincihollenbeck.com/web/content/wp-content/uploads/2011/11 header1.jpg
2012.01.23 21:36 B C:\Users\gmedia\Desktop\scarinci\wp-content\uploads\2011\11\header2.jpg --> ftp3.ftptoyoursite.com /www.scarincihollenbeck.com/web/content/wp-content/uploads/2011/11 header2.jpg
2012.01.23 21:36 B C:\Users\gmedia\Desktop\scarinci\wp-content\uploads\2011\11\header3.jpg --> ftp3.ftptoyoursite.com /www.scarincihollenbeck.com/web/content/wp-content/uploads/2011/11 header3.jpg
2012.01.23 21:36 B C:\Users\gmedia\Desktop\scarinci\wp-content\uploads\2011\11\header4.jpg --> ftp3.ftptoyoursite.com /www.scarincihollenbeck.com/web/content/wp-content/uploads/2011/11 header4.jpg
2012.01.23 21:36 B C:\Users\gmedia\Desktop\scarinci\wp-content\uploads\2011\11\post1-150x150.jpg --> ftp3.ftptoyoursite.com /www.scarincihollenbeck.com/web/content/wp-content/uploads/2011/11 post1-150x150.jpg
2012.01.23 21:36 B C:\Users\gmedia\Desktop\scarinci\wp-content\uploads\2011\11\post1.jpg --> ftp3.ftptoyoursite.com /www.scarincihollenbeck.com/web/content/wp-content/uploads/2011/11 post1.jpg
