2012.01.20 17:39 B C:\Users\gmedia\Desktop\rainmaker\Rainmaker Clients\scarinci\website\site\wp-content\uploads\2012\01\Glucksman-150x150.jpg <-- myrainmaker.org /public_html/t1/wp-content/uploads/2012/01 Glucksman-150x150.jpg
2012.01.20 17:39 B C:\Users\gmedia\Desktop\rainmaker\Rainmaker Clients\scarinci\website\site\wp-content\uploads\2012\01\Glucksman.jpg <-- myrainmaker.org /public_html/t1/wp-content/uploads/2012/01 Glucksman.jpg
2012.01.20 17:39 B C:\Users\gmedia\Desktop\rainmaker\Rainmaker Clients\scarinci\website\site\wp-content\uploads\2012\01\header.jpg <-- myrainmaker.org /public_html/t1/wp-content/uploads/2012/01 header.jpg
2012.01.20 17:39 B C:\Users\gmedia\Desktop\rainmaker\Rainmaker Clients\scarinci\website\site\wp-content\uploads\2012\01\header1.jpg <-- myrainmaker.org /public_html/t1/wp-content/uploads/2012/01 header1.jpg
2012.01.20 17:39 B C:\Users\gmedia\Desktop\rainmaker\Rainmaker Clients\scarinci\website\site\wp-content\uploads\2012\01\header11.jpg <-- myrainmaker.org /public_html/t1/wp-content/uploads/2012/01 header11.jpg
2012.01.20 17:39 B C:\Users\gmedia\Desktop\rainmaker\Rainmaker Clients\scarinci\website\site\wp-content\uploads\2012\01\header12.jpg <-- myrainmaker.org /public_html/t1/wp-content/uploads/2012/01 header12.jpg
2012.01.20 17:39 B C:\Users\gmedia\Desktop\rainmaker\Rainmaker Clients\scarinci\website\site\wp-content\uploads\2012\01\header13.jpg <-- myrainmaker.org /public_html/t1/wp-content/uploads/2012/01 header13.jpg
2012.01.20 17:39 B C:\Users\gmedia\Desktop\rainmaker\Rainmaker Clients\scarinci\website\site\wp-content\uploads\2012\01\header2.jpg <-- myrainmaker.org /public_html/t1/wp-content/uploads/2012/01 header2.jpg
2012.01.20 17:39 B C:\Users\gmedia\Desktop\rainmaker\Rainmaker Clients\scarinci\website\site\wp-content\uploads\2012\01\header3.jpg <-- myrainmaker.org /public_html/t1/wp-content/uploads/2012/01 header3.jpg
2012.01.20 17:39 B C:\Users\gmedia\Desktop\rainmaker\Rainmaker Clients\scarinci\website\site\wp-content\uploads\2012\01\header4.jpg <-- myrainmaker.org /public_html/t1/wp-content/uploads/2012/01 header4.jpg
2012.01.20 17:39 B C:\Users\gmedia\Desktop\rainmaker\Rainmaker Clients\scarinci\website\site\wp-content\uploads\2012\01\main-1-910x240.jpg <-- myrainmaker.org /public_html/t1/wp-content/uploads/2012/01 main-1-910x240.jpg
2012.01.20 17:39 B C:\Users\gmedia\Desktop\rainmaker\Rainmaker Clients\scarinci\website\site\wp-content\uploads\2012\01\main-2-910x240.jpg <-- myrainmaker.org /public_html/t1/wp-content/uploads/2012/01 main-2-910x240.jpg
2012.01.20 17:39 B C:\Users\gmedia\Desktop\rainmaker\Rainmaker Clients\scarinci\website\site\wp-content\uploads\2012\01\main-3-910x240.jpg <-- myrainmaker.org /public_html/t1/wp-content/uploads/2012/01 main-3-910x240.jpg
2012.01.20 17:39 B C:\Users\gmedia\Desktop\rainmaker\Rainmaker Clients\scarinci\website\site\wp-content\uploads\2012\01\slider1-150x150.jpg <-- myrainmaker.org /public_html/t1/wp-content/uploads/2012/01 slider1-150x150.jpg
2012.01.20 17:39 B C:\Users\gmedia\Desktop\rainmaker\Rainmaker Clients\scarinci\website\site\wp-content\uploads\2012\01\slider1-300x79.jpg <-- myrainmaker.org /public_html/t1/wp-content/uploads/2012/01 slider1-300x79.jpg
2012.01.20 17:39 B C:\Users\gmedia\Desktop\rainmaker\Rainmaker Clients\scarinci\website\site\wp-content\uploads\2012\01\slider1.jpg <-- myrainmaker.org /public_html/t1/wp-content/uploads/2012/01 slider1.jpg
2012.01.20 17:39 B C:\Users\gmedia\Desktop\rainmaker\Rainmaker Clients\scarinci\website\site\wp-content\uploads\2012\01\slider2-150x150.jpg <-- myrainmaker.org /public_html/t1/wp-content/uploads/2012/01 slider2-150x150.jpg
2012.01.20 17:39 B C:\Users\gmedia\Desktop\rainmaker\Rainmaker Clients\scarinci\website\site\wp-content\uploads\2012\01\slider2-300x79.jpg <-- myrainmaker.org /public_html/t1/wp-content/uploads/2012/01 slider2-300x79.jpg
2012.01.20 17:39 B C:\Users\gmedia\Desktop\rainmaker\Rainmaker Clients\scarinci\website\site\wp-content\uploads\2012\01\slider2.jpg <-- myrainmaker.org /public_html/t1/wp-content/uploads/2012/01 slider2.jpg
2012.01.20 17:39 B C:\Users\gmedia\Desktop\rainmaker\Rainmaker Clients\scarinci\website\site\wp-content\uploads\2012\01\slider3-150x150.jpg <-- myrainmaker.org /public_html/t1/wp-content/uploads/2012/01 slider3-150x150.jpg
2012.01.20 17:39 B C:\Users\gmedia\Desktop\rainmaker\Rainmaker Clients\scarinci\website\site\wp-content\uploads\2012\01\slider3-300x79.jpg <-- myrainmaker.org /public_html/t1/wp-content/uploads/2012/01 slider3-300x79.jpg
2012.01.20 17:39 B C:\Users\gmedia\Desktop\rainmaker\Rainmaker Clients\scarinci\website\site\wp-content\uploads\2012\01\slider3.jpg <-- myrainmaker.org /public_html/t1/wp-content/uploads/2012/01 slider3.jpg
2012.01.20 17:39 B C:\Users\gmedia\Desktop\rainmaker\Rainmaker Clients\scarinci\website\site\wp-content\uploads\2012\01\slider4-150x150.jpg <-- myrainmaker.org /public_html/t1/wp-content/uploads/2012/01 slider4-150x150.jpg
2012.01.20 17:39 B C:\Users\gmedia\Desktop\rainmaker\Rainmaker Clients\scarinci\website\site\wp-content\uploads\2012\01\slider4-300x79.jpg <-- myrainmaker.org /public_html/t1/wp-content/uploads/2012/01 slider4-300x79.jpg
2012.01.20 17:39 B C:\Users\gmedia\Desktop\rainmaker\Rainmaker Clients\scarinci\website\site\wp-content\uploads\2012\01\slider4.jpg <-- myrainmaker.org /public_html/t1/wp-content/uploads/2012/01 slider4.jpg
2012.01.20 17:39 B C:\Users\gmedia\Desktop\rainmaker\Rainmaker Clients\scarinci\website\site\wp-content\uploads\2012\01\slider5-150x150.jpg <-- myrainmaker.org /public_html/t1/wp-content/uploads/2012/01 slider5-150x150.jpg
2012.01.20 17:39 B C:\Users\gmedia\Desktop\rainmaker\Rainmaker Clients\scarinci\website\site\wp-content\uploads\2012\01\slider5-300x79.jpg <-- myrainmaker.org /public_html/t1/wp-content/uploads/2012/01 slider5-300x79.jpg
2012.01.20 17:39 B C:\Users\gmedia\Desktop\rainmaker\Rainmaker Clients\scarinci\website\site\wp-content\uploads\2012\01\slider5.jpg <-- myrainmaker.org /public_html/t1/wp-content/uploads/2012/01 slider5.jpg
2012.01.23 17:15 B C:\Users\gmedia\Desktop\scarinci\wp-content\uploads\2012\01\WS_FTP.LOG <-- scarweb /wp-content/uploads/2012/01 WS_FTP.LOG
2012.01.23 21:36 B C:\Users\gmedia\Desktop\scarinci\wp-content\uploads\2012\01\cropped-header14.jpg --> ftp3.ftptoyoursite.com /www.scarincihollenbeck.com/web/content/wp-content/uploads/2012/01 cropped-header14.jpg
2012.01.23 21:36 B C:\Users\gmedia\Desktop\scarinci\wp-content\uploads\2012\01\cropped-header5.jpg --> ftp3.ftptoyoursite.com /www.scarincihollenbeck.com/web/content/wp-content/uploads/2012/01 cropped-header5.jpg
2012.01.23 21:36 B C:\Users\gmedia\Desktop\scarinci\wp-content\uploads\2012\01\Glucksman-150x150.jpg --> ftp3.ftptoyoursite.com /www.scarincihollenbeck.com/web/content/wp-content/uploads/2012/01 Glucksman-150x150.jpg
2012.01.23 21:36 B C:\Users\gmedia\Desktop\scarinci\wp-content\uploads\2012\01\Glucksman.jpg --> ftp3.ftptoyoursite.com /www.scarincihollenbeck.com/web/content/wp-content/uploads/2012/01 Glucksman.jpg
2012.01.23 21:36 B C:\Users\gmedia\Desktop\scarinci\wp-content\uploads\2012\01\header.jpg --> ftp3.ftptoyoursite.com /www.scarincihollenbeck.com/web/content/wp-content/uploads/2012/01 header.jpg
2012.01.23 21:36 B C:\Users\gmedia\Desktop\scarinci\wp-content\uploads\2012\01\header1.jpg --> ftp3.ftptoyoursite.com /www.scarincihollenbeck.com/web/content/wp-content/uploads/2012/01 header1.jpg
2012.01.23 21:36 B C:\Users\gmedia\Desktop\scarinci\wp-content\uploads\2012\01\header11.jpg --> ftp3.ftptoyoursite.com /www.scarincihollenbeck.com/web/content/wp-content/uploads/2012/01 header11.jpg
2012.01.23 21:36 B C:\Users\gmedia\Desktop\scarinci\wp-content\uploads\2012\01\header12.jpg --> ftp3.ftptoyoursite.com /www.scarincihollenbeck.com/web/content/wp-content/uploads/2012/01 header12.jpg
2012.01.23 21:36 B C:\Users\gmedia\Desktop\scarinci\wp-content\uploads\2012\01\header13.jpg --> ftp3.ftptoyoursite.com /www.scarincihollenbeck.com/web/content/wp-content/uploads/2012/01 header13.jpg
2012.01.23 21:36 B C:\Users\gmedia\Desktop\scarinci\wp-content\uploads\2012\01\header2.jpg --> ftp3.ftptoyoursite.com /www.scarincihollenbeck.com/web/content/wp-content/uploads/2012/01 header2.jpg
2012.01.23 21:36 B C:\Users\gmedia\Desktop\scarinci\wp-content\uploads\2012\01\header21.jpg --> ftp3.ftptoyoursite.com /www.scarincihollenbeck.com/web/content/wp-content/uploads/2012/01 header21.jpg
2012.01.23 21:36 B C:\Users\gmedia\Desktop\scarinci\wp-content\uploads\2012\01\header3.jpg --> ftp3.ftptoyoursite.com /www.scarincihollenbeck.com/web/content/wp-content/uploads/2012/01 header3.jpg
2012.01.23 21:36 B C:\Users\gmedia\Desktop\scarinci\wp-content\uploads\2012\01\header4.jpg --> ftp3.ftptoyoursite.com /www.scarincihollenbeck.com/web/content/wp-content/uploads/2012/01 header4.jpg
2012.01.23 21:36 B C:\Users\gmedia\Desktop\scarinci\wp-content\uploads\2012\01\main-1-910x240.jpg --> ftp3.ftptoyoursite.com /www.scarincihollenbeck.com/web/content/wp-content/uploads/2012/01 main-1-910x240.jpg
2012.01.23 21:36 B C:\Users\gmedia\Desktop\scarinci\wp-content\uploads\2012\01\main-2-910x240.jpg --> ftp3.ftptoyoursite.com /www.scarincihollenbeck.com/web/content/wp-content/uploads/2012/01 main-2-910x240.jpg
2012.01.23 21:36 B C:\Users\gmedia\Desktop\scarinci\wp-content\uploads\2012\01\main-3-910x240.jpg --> ftp3.ftptoyoursite.com /www.scarincihollenbeck.com/web/content/wp-content/uploads/2012/01 main-3-910x240.jpg
2012.01.23 21:36 B C:\Users\gmedia\Desktop\scarinci\wp-content\uploads\2012\01\slider1-150x150.jpg --> ftp3.ftptoyoursite.com /www.scarincihollenbeck.com/web/content/wp-content/uploads/2012/01 slider1-150x150.jpg
2012.01.23 21:36 B C:\Users\gmedia\Desktop\scarinci\wp-content\uploads\2012\01\slider1-300x79.jpg --> ftp3.ftptoyoursite.com /www.scarincihollenbeck.com/web/content/wp-content/uploads/2012/01 slider1-300x79.jpg
2012.01.23 21:36 B C:\Users\gmedia\Desktop\scarinci\wp-content\uploads\2012\01\slider1.jpg --> ftp3.ftptoyoursite.com /www.scarincihollenbeck.com/web/content/wp-content/uploads/2012/01 slider1.jpg
2012.01.23 21:36 B C:\Users\gmedia\Desktop\scarinci\wp-content\uploads\2012\01\slider2-150x150.jpg --> ftp3.ftptoyoursite.com /www.scarincihollenbeck.com/web/content/wp-content/uploads/2012/01 slider2-150x150.jpg
2012.01.23 21:36 B C:\Users\gmedia\Desktop\scarinci\wp-content\uploads\2012\01\slider2-300x79.jpg --> ftp3.ftptoyoursite.com /www.scarincihollenbeck.com/web/content/wp-content/uploads/2012/01 slider2-300x79.jpg
2012.01.23 21:36 B C:\Users\gmedia\Desktop\scarinci\wp-content\uploads\2012\01\slider2.jpg --> ftp3.ftptoyoursite.com /www.scarincihollenbeck.com/web/content/wp-content/uploads/2012/01 slider2.jpg
2012.01.23 21:36 B C:\Users\gmedia\Desktop\scarinci\wp-content\uploads\2012\01\slider3-150x150.jpg --> ftp3.ftptoyoursite.com /www.scarincihollenbeck.com/web/content/wp-content/uploads/2012/01 slider3-150x150.jpg
2012.01.23 21:36 B C:\Users\gmedia\Desktop\scarinci\wp-content\uploads\2012\01\slider3-300x79.jpg --> ftp3.ftptoyoursite.com /www.scarincihollenbeck.com/web/content/wp-content/uploads/2012/01 slider3-300x79.jpg
2012.01.23 21:36 B C:\Users\gmedia\Desktop\scarinci\wp-content\uploads\2012\01\slider3.jpg --> ftp3.ftptoyoursite.com /www.scarincihollenbeck.com/web/content/wp-content/uploads/2012/01 slider3.jpg
2012.01.23 21:36 B C:\Users\gmedia\Desktop\scarinci\wp-content\uploads\2012\01\slider4-150x150.jpg --> ftp3.ftptoyoursite.com /www.scarincihollenbeck.com/web/content/wp-content/uploads/2012/01 slider4-150x150.jpg
2012.01.23 21:36 B C:\Users\gmedia\Desktop\scarinci\wp-content\uploads\2012\01\slider4-300x79.jpg --> ftp3.ftptoyoursite.com /www.scarincihollenbeck.com/web/content/wp-content/uploads/2012/01 slider4-300x79.jpg
2012.01.23 21:36 B C:\Users\gmedia\Desktop\scarinci\wp-content\uploads\2012\01\slider4.jpg --> ftp3.ftptoyoursite.com /www.scarincihollenbeck.com/web/content/wp-content/uploads/2012/01 slider4.jpg
2012.01.23 21:36 B C:\Users\gmedia\Desktop\scarinci\wp-content\uploads\2012\01\slider5-150x150.jpg --> ftp3.ftptoyoursite.com /www.scarincihollenbeck.com/web/content/wp-content/uploads/2012/01 slider5-150x150.jpg
2012.01.23 21:36 B C:\Users\gmedia\Desktop\scarinci\wp-content\uploads\2012\01\slider5-300x79.jpg --> ftp3.ftptoyoursite.com /www.scarincihollenbeck.com/web/content/wp-content/uploads/2012/01 slider5-300x79.jpg
2012.01.23 21:36 B C:\Users\gmedia\Desktop\scarinci\wp-content\uploads\2012\01\slider5.jpg --> ftp3.ftptoyoursite.com /www.scarincihollenbeck.com/web/content/wp-content/uploads/2012/01 slider5.jpg
